# JRE version: OpenJDK Runtime Environment (11.0.13) (build 11.0.13+0-b1751.21-8125866)
# Java VM: OpenJDK 64-Bit Server VM (11.0.13+0-b1751.21-8125866, mixed mode, tiered, compressed oops, g1 gc, windows-amd64)
Heap:
 garbage-first heap   total 206848K, used 106140K [0x0000000080000000, 0x0000000100000000)
  region size 1024K, 3 young (3072K), 3 survivors (3072K)
 Metaspace       used 68712K, capacity 70702K, committed 70960K, reserved 1110016K
  class space    used 8784K, capacity 9477K, committed 9600K, reserved 1048576K
GC Heap History (20 events):
Event: 16.210 GC heap after
{Heap after GC invocations=21 (full 0):
 garbage-first heap   total 143360K, used 79228K [0x0000000080000000, 0x0000000100000000)
  region size 1024K, 2 young (2048K), 2 survivors (2048K)
 Metaspace       used 50788K, capacity 52336K, committed 52656K, reserved 1095680K
  class space    used 6515K, capacity 7056K, committed 7168K, reserved 1048576K
}
Event: 17.686 GC heap before
{Heap before GC invocations=22 (full 0):
 garbage-first heap   total 143360K, used 111996K [0x0000000080000000, 0x0000000100000000)
  region size 1024K, 35 young (35840K), 2 survivors (2048K)
 Metaspace       used 52334K, capacity 53997K, committed 54320K, reserved 1095680K
  class space    used 6647K, capacity 7199K, committed 7296K, reserved 1048576K
}
Event: 17.693 GC heap after
{Heap after GC invocations=23 (full 0):
 garbage-first heap   total 143360K, used 81461K [0x0000000080000000, 0x0000000100000000)
  region size 1024K, 4 young (4096K), 4 survivors (4096K)
 Metaspace       used 52334K, capacity 53997K, committed 54320K, reserved 1095680K
  class space    used 6647K, capacity 7199K, committed 7296K, reserved 1048576K
}
Event: 18.511 GC heap before
{Heap before GC invocations=23 (full 0):
 garbage-first heap   total 143360K, used 115253K [0x0000000080000000, 0x0000000100000000)
  region size 1024K, 37 young (37888K), 4 survivors (4096K)
 Metaspace       used 55077K, capacity 56773K, committed 57008K, reserved 1099776K
  class space    used 7102K, capacity 7677K, committed 7680K, reserved 1048576K
}
Event: 18.522 GC heap after
{Heap after GC invocations=24 (full 0):
 garbage-first heap   total 143360K, used 83382K [0x0000000080000000, 0x0000000100000000)
  region size 1024K, 2 young (2048K), 2 survivors (2048K)
 Metaspace       used 55077K, capacity 56773K, committed 57008K, reserved 1099776K
  class space    used 7102K, capacity 7677K, committed 7680K, reserved 1048576K
}
Event: 19.070 GC heap before
{Heap before GC invocations=25 (full 0):
 garbage-first heap   total 143360K, used 94646K [0x0000000080000000, 0x0000000100000000)
  region size 1024K, 14 young (14336K), 2 survivors (2048K)
 Metaspace       used 56600K, capacity 58305K, committed 58544K, reserved 1099776K
  class space    used 7261K, capacity 7843K, committed 7936K, reserved 1048576K
}
Event: 19.079 GC heap after
{Heap after GC invocations=26 (full 0):
 garbage-first heap   total 143360K, used 84461K [0x0000000080000000, 0x0000000100000000)
  region size 1024K, 3 young (3072K), 3 survivors (3072K)
 Metaspace       used 56600K, capacity 58305K, committed 58544K, reserved 1099776K
  class space    used 7261K, capacity 7843K, committed 7936K, reserved 1048576K
}
Event: 20.030 GC heap before
{Heap before GC invocations=27 (full 0):
 garbage-first heap   total 143360K, used 113133K [0x0000000080000000, 0x0000000100000000)
  region size 1024K, 29 young (29696K), 3 survivors (3072K)
 Metaspace       used 59265K, capacity 60999K, committed 61232K, reserved 1101824K
  class space    used 7595K, capacity 8187K, committed 8320K, reserved 1048576K
}
Event: 20.040 GC heap after
{Heap after GC invocations=28 (full 0):
 garbage-first heap   total 143360K, used 90772K [0x0000000080000000, 0x0000000100000000)
  region size 1024K, 4 young (4096K), 4 survivors (4096K)
 Metaspace       used 59265K, capacity 60999K, committed 61232K, reserved 1101824K
  class space    used 7595K, capacity 8187K, committed 8320K, reserved 1048576K
}
Event: 20.329 GC heap before
{Heap before GC invocations=28 (full 0):
 garbage-first heap   total 143360K, used 94868K [0x0000000080000000, 0x0000000100000000)
  region size 1024K, 10 young (10240K), 4 survivors (4096K)
 Metaspace       used 60099K, capacity 61924K, committed 62128K, reserved 1103872K
  class space    used 7699K, capacity 8324K, committed 8448K, reserved 1048576K
}
Event: 20.340 GC heap after
{Heap after GC invocations=29 (full 0):
 garbage-first heap   total 172032K, used 92200K [0x0000000080000000, 0x0000000100000000)
  region size 1024K, 1 young (1024K), 1 survivors (1024K)
 Metaspace       used 60099K, capacity 61924K, committed 62128K, reserved 1103872K
  class space    used 7699K, capacity 8324K, committed 8448K, reserved 1048576K
}
Event: 20.531 GC heap before
{Heap before GC invocations=30 (full 0):
 garbage-first heap   total 172032K, used 104488K [0x0000000080000000, 0x0000000100000000)
  region size 1024K, 10 young (10240K), 1 survivors (1024K)
 Metaspace       used 60287K, capacity 62084K, committed 62384K, reserved 1103872K
  class space    used 7728K, capacity 8356K, committed 8448K, reserved 1048576K
}
Event: 20.540 GC heap after
{Heap after GC invocations=31 (full 0):
 garbage-first heap   total 172032K, used 98300K [0x0000000080000000, 0x0000000100000000)
  region size 1024K, 3 young (3072K), 3 survivors (3072K)
 Metaspace       used 60287K, capacity 62084K, committed 62384K, reserved 1103872K
  class space    used 7728K, capacity 8356K, committed 8448K, reserved 1048576K
}
Event: 21.452 GC heap before
{Heap before GC invocations=32 (full 0):
 garbage-first heap   total 172032K, used 123900K [0x0000000080000000, 0x0000000100000000)
  region size 1024K, 27 young (27648K), 3 survivors (3072K)
 Metaspace       used 63783K, capacity 65624K, committed 65840K, reserved 1105920K
  class space    used 8135K, capacity 8791K, committed 8832K, reserved 1048576K
}
Event: 21.459 GC heap after
{Heap after GC invocations=33 (full 0):
 garbage-first heap   total 172032K, used 101845K [0x0000000080000000, 0x0000000100000000)
  region size 1024K, 2 young (2048K), 2 survivors (2048K)
 Metaspace       used 63783K, capacity 65624K, committed 65840K, reserved 1105920K
  class space    used 8135K, capacity 8791K, committed 8832K, reserved 1048576K
}
Event: 22.587 GC heap before
{Heap before GC invocations=33 (full 0):
 garbage-first heap   total 172032K, used 126421K [0x0000000080000000, 0x0000000100000000)
  region size 1024K, 27 young (27648K), 2 survivors (2048K)
 Metaspace       used 67634K, capacity 69570K, committed 69680K, reserved 1110016K
  class space    used 8632K, capacity 9315K, committed 9344K, reserved 1048576K
}
Event: 22.600 GC heap after
{Heap after GC invocations=34 (full 0):
 garbage-first heap   total 172032K, used 104177K [0x0000000080000000, 0x0000000100000000)
  region size 1024K, 4 young (4096K), 4 survivors (4096K)
 Metaspace       used 67634K, capacity 69570K, committed 69680K, reserved 1110016K
  class space    used 8632K, capacity 9315K, committed 9344K, reserved 1048576K
}
Event: 22.783 GC heap before
{Heap before GC invocations=35 (full 0):
 garbage-first heap   total 172032K, used 106225K [0x0000000080000000, 0x0000000100000000)
  region size 1024K, 7 young (7168K), 4 survivors (4096K)
 Metaspace       used 68040K, capacity 69922K, committed 70064K, reserved 1110016K
  class space    used 8678K, capacity 9347K, committed 9472K, reserved 1048576K
}
Event: 22.796 GC heap after
{Heap after GC invocations=36 (full 0):
 garbage-first heap   total 172032K, used 104436K [0x0000000080000000, 0x0000000100000000)
  region size 1024K, 2 young (2048K), 2 survivors (2048K)
 Metaspace       used 68040K, capacity 69922K, committed 70064K, reserved 1110016K
  class space    used 8678K, capacity 9347K, committed 9472K, reserved 1048576K
}
Event: 23.247 GC heap before
{Heap before GC invocations=37 (full 0):
 garbage-first heap   total 172032K, used 133108K [0x0000000080000000, 0x0000000100000000)
  region size 1024K, 24 young (24576K), 2 survivors (2048K)
 Metaspace       used 68712K, capacity 70702K, committed 70960K, reserved 1110016K
  class space    used 8784K, capacity 9477K, committed 9600K, reserved 1048576K
}

