# JRE version: OpenJDK Runtime Environment (11.0.13) (build 11.0.13+0-b1751.21-8125866)
# Java VM: OpenJDK 64-Bit Server VM (11.0.13+0-b1751.21-8125866, mixed mode, tiered, compressed oops, g1 gc, windows-amd64)
Heap:
 garbage-first heap   total 400384K, used 185009K [0x0000000080000000, 0x0000000100000000)
  region size 1024K, 15 young (15360K), 4 survivors (4096K)
 Metaspace       used 104647K, capacity 107332K, committed 107600K, reserved 1142784K
  class space    used 13546K, capacity 14564K, committed 14720K, reserved 1048576K
GC Heap History (20 events):
Event: 20.800 GC heap before
{Heap before GC invocations=33 (full 0):
 garbage-first heap   total 206848K, used 166059K [0x0000000080000000, 0x0000000100000000)
  region size 1024K, 45 young (46080K), 7 survivors (7168K)
 Metaspace       used 98480K, capacity 100967K, committed 101712K, reserved 1136640K
  class space    used 12730K, capacity 13666K, committed 13952K, reserved 1048576K
}
Event: 20.823 GC heap after
{Heap after GC invocations=34 (full 0):
 garbage-first heap   total 248832K, used 135610K [0x0000000080000000, 0x0000000100000000)
  region size 1024K, 6 young (6144K), 6 survivors (6144K)
 Metaspace       used 98480K, capacity 100967K, committed 101712K, reserved 1136640K
  class space    used 12730K, capacity 13666K, committed 13952K, reserved 1048576K
}
Event: 21.031 GC heap before
{Heap before GC invocations=34 (full 0):
 garbage-first heap   total 248832K, used 186810K [0x0000000080000000, 0x0000000100000000)
  region size 1024K, 56 young (57344K), 6 survivors (6144K)
 Metaspace       used 99339K, capacity 102005K, committed 102224K, reserved 1138688K
  class space    used 12874K, capacity 13905K, committed 13952K, reserved 1048576K
}
Event: 21.052 GC heap after
{Heap after GC invocations=35 (full 0):
 garbage-first heap   total 248832K, used 145408K [0x0000000080000000, 0x0000000100000000)
  region size 1024K, 7 young (7168K), 7 survivors (7168K)
 Metaspace       used 99339K, capacity 102005K, committed 102224K, reserved 1138688K
  class space    used 12874K, capacity 13905K, committed 13952K, reserved 1048576K
}
Event: 21.174 GC heap before
{Heap before GC invocations=35 (full 0):
 garbage-first heap   total 248832K, used 192512K [0x0000000080000000, 0x0000000100000000)
  region size 1024K, 54 young (55296K), 7 survivors (7168K)
 Metaspace       used 99187K, capacity 101659K, committed 102224K, reserved 1138688K
  class space    used 12811K, capacity 13772K, committed 13952K, reserved 1048576K
}
Event: 21.197 GC heap after
{Heap after GC invocations=36 (full 0):
 garbage-first heap   total 248832K, used 155026K [0x0000000080000000, 0x0000000100000000)
  region size 1024K, 7 young (7168K), 7 survivors (7168K)
 Metaspace       used 99187K, capacity 101659K, committed 102224K, reserved 1138688K
  class space    used 12811K, capacity 13772K, committed 13952K, reserved 1048576K
}
Event: 21.270 GC heap before
{Heap before GC invocations=37 (full 0):
 garbage-first heap   total 248832K, used 199058K [0x0000000080000000, 0x0000000100000000)
  region size 1024K, 50 young (51200K), 7 survivors (7168K)
 Metaspace       used 99404K, capacity 101916K, committed 102480K, reserved 1138688K
  class space    used 12851K, capacity 13815K, committed 13952K, reserved 1048576K
}
Event: 21.287 GC heap after
{Heap after GC invocations=38 (full 0):
 garbage-first heap   total 248832K, used 163444K [0x0000000080000000, 0x0000000100000000)
  region size 1024K, 7 young (7168K), 7 survivors (7168K)
 Metaspace       used 99404K, capacity 101916K, committed 102480K, reserved 1138688K
  class space    used 12851K, capacity 13815K, committed 13952K, reserved 1048576K
}
Event: 21.381 GC heap before
{Heap before GC invocations=38 (full 0):
 garbage-first heap   total 248832K, used 203380K [0x0000000080000000, 0x0000000100000000)
  region size 1024K, 46 young (47104K), 7 survivors (7168K)
 Metaspace       used 100076K, capacity 102650K, committed 103120K, reserved 1138688K
  class space    used 12971K, capacity 13958K, committed 14080K, reserved 1048576K
}
Event: 21.403 GC heap after
{Heap after GC invocations=39 (full 0):
 garbage-first heap   total 322560K, used 170555K [0x0000000080000000, 0x0000000100000000)
  region size 1024K, 6 young (6144K), 6 survivors (6144K)
 Metaspace       used 100076K, capacity 102650K, committed 103120K, reserved 1138688K
  class space    used 12971K, capacity 13958K, committed 14080K, reserved 1048576K
}
Event: 22.184 GC heap before
{Heap before GC invocations=40 (full 0):
 garbage-first heap   total 322560K, used 230971K [0x0000000080000000, 0x0000000100000000)
  region size 1024K, 66 young (67584K), 6 survivors (6144K)
 Metaspace       used 103422K, capacity 106113K, committed 106448K, reserved 1140736K
  class space    used 13484K, capacity 14513K, committed 14592K, reserved 1048576K
}
Event: 22.197 GC heap after
{Heap after GC invocations=41 (full 0):
 garbage-first heap   total 322560K, used 173790K [0x0000000080000000, 0x0000000100000000)
  region size 1024K, 3 young (3072K), 3 survivors (3072K)
 Metaspace       used 103422K, capacity 106113K, committed 106448K, reserved 1140736K
  class space    used 13484K, capacity 14513K, committed 14592K, reserved 1048576K
}
Event: 22.646 GC heap before
{Heap before GC invocations=41 (full 0):
 garbage-first heap   total 322560K, used 236254K [0x0000000080000000, 0x0000000100000000)
  region size 1024K, 65 young (66560K), 3 survivors (3072K)
 Metaspace       used 103902K, capacity 106626K, committed 106832K, reserved 1140736K
  class space    used 13526K, capacity 14550K, committed 14720K, reserved 1048576K
}
Event: 22.654 GC heap after
{Heap after GC invocations=42 (full 0):
 garbage-first heap   total 322560K, used 174039K [0x0000000080000000, 0x0000000100000000)
  region size 1024K, 4 young (4096K), 4 survivors (4096K)
 Metaspace       used 103902K, capacity 106626K, committed 106832K, reserved 1140736K
  class space    used 13526K, capacity 14550K, committed 14720K, reserved 1048576K
}
Event: 23.292 GC heap before
{Heap before GC invocations=43 (full 0):
 garbage-first heap   total 322560K, used 240599K [0x0000000080000000, 0x0000000100000000)
  region size 1024K, 69 young (70656K), 4 survivors (4096K)
 Metaspace       used 104129K, capacity 106803K, committed 107088K, reserved 1142784K
  class space    used 13537K, capacity 14562K, committed 14720K, reserved 1048576K
}
Event: 23.299 GC heap after
{Heap after GC invocations=44 (full 0):
 garbage-first heap   total 322560K, used 174085K [0x0000000080000000, 0x0000000100000000)
  region size 1024K, 4 young (4096K), 4 survivors (4096K)
 Metaspace       used 104129K, capacity 106803K, committed 107088K, reserved 1142784K
  class space    used 13537K, capacity 14562K, committed 14720K, reserved 1048576K
}
Event: 23.619 GC heap before
{Heap before GC invocations=44 (full 0):
 garbage-first heap   total 322560K, used 244741K [0x0000000080000000, 0x0000000100000000)
  region size 1024K, 73 young (74752K), 4 survivors (4096K)
 Metaspace       used 104172K, capacity 106874K, committed 107088K, reserved 1142784K
  class space    used 13546K, capacity 14564K, committed 14720K, reserved 1048576K
}
Event: 23.630 GC heap after
{Heap after GC invocations=45 (full 0):
 garbage-first heap   total 322560K, used 174081K [0x0000000080000000, 0x0000000100000000)
  region size 1024K, 4 young (4096K), 4 survivors (4096K)
 Metaspace       used 104172K, capacity 106874K, committed 107088K, reserved 1142784K
  class space    used 13546K, capacity 14564K, committed 14720K, reserved 1048576K
}
Event: 24.150 GC heap before
{Heap before GC invocations=45 (full 0):
 garbage-first heap   total 322560K, used 248833K [0x0000000080000000, 0x0000000100000000)
  region size 1024K, 77 young (78848K), 4 survivors (4096K)
 Metaspace       used 104642K, capacity 107332K, committed 107600K, reserved 1142784K
  class space    used 13546K, capacity 14564K, committed 14720K, reserved 1048576K
}
Event: 24.162 GC heap after
{Heap after GC invocations=46 (full 0):
 garbage-first heap   total 400384K, used 174769K [0x0000000080000000, 0x0000000100000000)
  region size 1024K, 4 young (4096K), 4 survivors (4096K)
 Metaspace       used 104642K, capacity 107332K, committed 107600K, reserved 1142784K
  class space    used 13546K, capacity 14564K, committed 14720K, reserved 1048576K
}

