# JRE version: OpenJDK Runtime Environment (11.0.13) (build 11.0.13+0-b1751.21-8125866)
# Java VM: OpenJDK 64-Bit Server VM (11.0.13+0-b1751.21-8125866, mixed mode, tiered, compressed oops, g1 gc, windows-amd64)
Heap:
 garbage-first heap   total 580608K, used 182411K [0x0000000080000000, 0x0000000100000000)
  region size 1024K, 4 young (4096K), 4 survivors (4096K)
 Metaspace       used 107672K, capacity 110559K, committed 110928K, reserved 1144832K
  class space    used 13931K, capacity 15051K, committed 15232K, reserved 1048576K
GC Heap History (20 events):
Event: 29.680 GC heap after
{Heap after GC invocations=42 (full 0):
 garbage-first heap   total 206848K, used 134433K [0x0000000080000000, 0x0000000100000000)
  region size 1024K, 6 young (6144K), 6 survivors (6144K)
 Metaspace       used 101198K, capacity 103970K, committed 104528K, reserved 1138688K
  class space    used 13127K, capacity 14233K, committed 14464K, reserved 1048576K
}
Event: 29.750 GC heap before
{Heap before GC invocations=42 (full 0):
 garbage-first heap   total 206848K, used 167201K [0x0000000080000000, 0x0000000100000000)
  region size 1024K, 38 young (38912K), 6 survivors (6144K)
 Metaspace       used 101762K, capacity 104550K, committed 104784K, reserved 1140736K
  class space    used 13240K, capacity 14352K, committed 14464K, reserved 1048576K
}
Event: 29.765 GC heap after
{Heap after GC invocations=43 (full 0):
 garbage-first heap   total 206848K, used 139848K [0x0000000080000000, 0x0000000100000000)
  region size 1024K, 5 young (5120K), 5 survivors (5120K)
 Metaspace       used 101762K, capacity 104550K, committed 104784K, reserved 1140736K
  class space    used 13240K, capacity 14352K, committed 14464K, reserved 1048576K
}
Event: 29.877 GC heap before
{Heap before GC invocations=43 (full 0):
 garbage-first heap   total 206848K, used 170568K [0x0000000080000000, 0x0000000100000000)
  region size 1024K, 35 young (35840K), 5 survivors (5120K)
 Metaspace       used 102703K, capacity 105620K, committed 105680K, reserved 1140736K
  class space    used 13415K, capacity 14562K, committed 14592K, reserved 1048576K
}
Event: 29.893 GC heap after
{Heap after GC invocations=44 (full 0):
 garbage-first heap   total 265216K, used 145124K [0x0000000080000000, 0x0000000100000000)
  region size 1024K, 5 young (5120K), 5 survivors (5120K)
 Metaspace       used 102703K, capacity 105620K, committed 105680K, reserved 1140736K
  class space    used 13415K, capacity 14562K, committed 14592K, reserved 1048576K
}
Event: 30.372 GC heap before
{Heap before GC invocations=45 (full 0):
 garbage-first heap   total 265216K, used 193252K [0x0000000080000000, 0x0000000100000000)
  region size 1024K, 53 young (54272K), 5 survivors (5120K)
 Metaspace       used 104517K, capacity 107327K, committed 107856K, reserved 1142784K
  class space    used 13618K, capacity 14712K, committed 14976K, reserved 1048576K
}
Event: 30.389 GC heap after
{Heap after GC invocations=46 (full 0):
 garbage-first heap   total 265216K, used 150733K [0x0000000080000000, 0x0000000100000000)
  region size 1024K, 6 young (6144K), 6 survivors (6144K)
 Metaspace       used 104517K, capacity 107327K, committed 107856K, reserved 1142784K
  class space    used 13618K, capacity 14712K, committed 14976K, reserved 1048576K
}
Event: 30.807 GC heap before
{Heap before GC invocations=46 (full 0):
 garbage-first heap   total 265216K, used 199885K [0x0000000080000000, 0x0000000100000000)
  region size 1024K, 54 young (55296K), 6 survivors (6144K)
 Metaspace       used 106039K, capacity 109066K, committed 109264K, reserved 1142784K
  class space    used 13881K, capacity 15052K, committed 15104K, reserved 1048576K
}
Event: 30.823 GC heap after
{Heap after GC invocations=47 (full 0):
 garbage-first heap   total 265216K, used 154469K [0x0000000080000000, 0x0000000100000000)
  region size 1024K, 4 young (4096K), 4 survivors (4096K)
 Metaspace       used 106039K, capacity 109066K, committed 109264K, reserved 1142784K
  class space    used 13881K, capacity 15052K, committed 15104K, reserved 1048576K
}
Event: 31.672 GC heap before
{Heap before GC invocations=48 (full 0):
 garbage-first heap   total 265216K, used 204645K [0x0000000080000000, 0x0000000100000000)
  region size 1024K, 54 young (55296K), 4 survivors (4096K)
 Metaspace       used 106953K, capacity 109959K, committed 110160K, reserved 1144832K
  class space    used 13945K, capacity 15099K, committed 15232K, reserved 1048576K
}
Event: 31.684 GC heap after
{Heap after GC invocations=49 (full 0):
 garbage-first heap   total 265216K, used 157321K [0x0000000080000000, 0x0000000100000000)
  region size 1024K, 7 young (7168K), 7 survivors (7168K)
 Metaspace       used 106953K, capacity 109959K, committed 110160K, reserved 1144832K
  class space    used 13945K, capacity 15099K, committed 15232K, reserved 1048576K
}
Event: 31.963 GC heap before
{Heap before GC invocations=49 (full 0):
 garbage-first heap   total 265216K, used 207497K [0x0000000080000000, 0x0000000100000000)
  region size 1024K, 57 young (58368K), 7 survivors (7168K)
 Metaspace       used 107201K, capacity 110211K, committed 110416K, reserved 1144832K
  class space    used 13958K, capacity 15140K, committed 15232K, reserved 1048576K
}
Event: 31.989 GC heap after
{Heap after GC invocations=50 (full 0):
 garbage-first heap   total 351232K, used 162907K [0x0000000080000000, 0x0000000100000000)
  region size 1024K, 8 young (8192K), 8 survivors (8192K)
 Metaspace       used 107201K, capacity 110211K, committed 110416K, reserved 1144832K
  class space    used 13958K, capacity 15140K, committed 15232K, reserved 1048576K
}
Event: 32.666 GC heap before
{Heap before GC invocations=51 (full 0):
 garbage-first heap   total 351232K, used 245851K [0x0000000080000000, 0x0000000100000000)
  region size 1024K, 90 young (92160K), 8 survivors (8192K)
 Metaspace       used 107217K, capacity 110236K, committed 110672K, reserved 1144832K
  class space    used 13942K, capacity 15102K, committed 15232K, reserved 1048576K
}
Event: 32.682 GC heap after
{Heap after GC invocations=52 (full 0):
 garbage-first heap   total 351232K, used 166004K [0x0000000080000000, 0x0000000100000000)
  region size 1024K, 7 young (7168K), 7 survivors (7168K)
 Metaspace       used 107217K, capacity 110236K, committed 110672K, reserved 1144832K
  class space    used 13942K, capacity 15102K, committed 15232K, reserved 1048576K
}
Event: 32.958 GC heap before
{Heap before GC invocations=52 (full 0):
 garbage-first heap   total 351232K, used 255092K [0x0000000080000000, 0x0000000100000000)
  region size 1024K, 94 young (96256K), 7 survivors (7168K)
 Metaspace       used 107247K, capacity 110239K, committed 110672K, reserved 1144832K
  class space    used 13946K, capacity 15103K, committed 15232K, reserved 1048576K
}
Event: 33.009 GC heap after
{Heap after GC invocations=53 (full 0):
 garbage-first heap   total 351232K, used 172325K [0x0000000080000000, 0x0000000100000000)
  region size 1024K, 12 young (12288K), 12 survivors (12288K)
 Metaspace       used 107247K, capacity 110239K, committed 110672K, reserved 1144832K
  class space    used 13946K, capacity 15103K, committed 15232K, reserved 1048576K
}
Event: 33.577 GC heap before
{Heap before GC invocations=54 (full 0):
 garbage-first heap   total 351232K, used 272677K [0x0000000080000000, 0x0000000100000000)
  region size 1024K, 110 young (112640K), 12 survivors (12288K)
 Metaspace       used 107122K, capacity 110019K, committed 110672K, reserved 1144832K
  class space    used 13903K, capacity 15028K, committed 15232K, reserved 1048576K
}
Event: 33.599 GC heap after
{Heap after GC invocations=55 (full 0):
 garbage-first heap   total 351232K, used 178825K [0x0000000080000000, 0x0000000100000000)
  region size 1024K, 8 young (8192K), 8 survivors (8192K)
 Metaspace       used 107122K, capacity 110019K, committed 110672K, reserved 1144832K
  class space    used 13903K, capacity 15028K, committed 15232K, reserved 1048576K
}
Event: 34.301 GC heap before
{Heap before GC invocations=55 (full 0):
 garbage-first heap   total 351232K, used 276105K [0x0000000080000000, 0x0000000100000000)
  region size 1024K, 104 young (106496K), 8 survivors (8192K)
 Metaspace       used 107672K, capacity 110559K, committed 110928K, reserved 1144832K
  class space    used 13931K, capacity 15051K, committed 15232K, reserved 1048576K
}

