# JRE version: OpenJDK Runtime Environment (11.0.13) (build 11.0.13+0-b1751.21-8125866)
# Java VM: OpenJDK 64-Bit Server VM (11.0.13+0-b1751.21-8125866, mixed mode, tiered, compressed oops, g1 gc, windows-amd64)
Heap:
 garbage-first heap   total 301056K, used 129281K [0x0000000080000000, 0x0000000100000000)
  region size 1024K, 10 young (10240K), 10 survivors (10240K)
 Metaspace       used 105933K, capacity 108547K, committed 108752K, reserved 1144832K
  class space    used 13288K, capacity 14262K, committed 14368K, reserved 1048576K
GC Heap History (20 events):
Event: 38.025 GC heap after
{Heap after GC invocations=42 (full 0):
 garbage-first heap   total 208896K, used 138302K [0x0000000080000000, 0x0000000100000000)
  region size 1024K, 4 young (4096K), 4 survivors (4096K)
 Metaspace       used 92741K, capacity 94981K, committed 95312K, reserved 1132544K
  class space    used 11747K, capacity 12571K, committed 12704K, reserved 1048576K
}
Event: 38.392 GC heap before
{Heap before GC invocations=43 (full 0):
 garbage-first heap   total 208896K, used 141374K [0x0000000080000000, 0x0000000100000000)
  region size 1024K, 28 young (28672K), 4 survivors (4096K)
 Metaspace       used 94150K, capacity 96335K, committed 96720K, reserved 1132544K
  class space    used 11863K, capacity 12699K, committed 12832K, reserved 1048576K
}
Event: 38.403 GC heap after
{Heap after GC invocations=44 (full 0):
 garbage-first heap   total 250880K, used 120182K [0x0000000080000000, 0x0000000100000000)
  region size 1024K, 3 young (3072K), 3 survivors (3072K)
 Metaspace       used 94150K, capacity 96335K, committed 96720K, reserved 1132544K
  class space    used 11863K, capacity 12699K, committed 12832K, reserved 1048576K
}
Event: 38.454 GC heap before
{Heap before GC invocations=44 (full 0):
 garbage-first heap   total 250880K, used 128374K [0x0000000080000000, 0x0000000100000000)
  region size 1024K, 12 young (12288K), 3 survivors (3072K)
 Metaspace       used 94178K, capacity 96399K, committed 96720K, reserved 1132544K
  class space    used 11863K, capacity 12699K, committed 12832K, reserved 1048576K
}
Event: 38.460 GC heap after
{Heap after GC invocations=45 (full 0):
 garbage-first heap   total 250880K, used 108585K [0x0000000080000000, 0x0000000100000000)
  region size 1024K, 2 young (2048K), 2 survivors (2048K)
 Metaspace       used 94178K, capacity 96399K, committed 96720K, reserved 1132544K
  class space    used 11863K, capacity 12699K, committed 12832K, reserved 1048576K
}
Event: 38.821 GC heap before
{Heap before GC invocations=45 (full 0):
 garbage-first heap   total 250880K, used 158761K [0x0000000080000000, 0x0000000100000000)
  region size 1024K, 52 young (53248K), 2 survivors (2048K)
 Metaspace       used 94847K, capacity 97137K, committed 97616K, reserved 1134592K
  class space    used 11905K, capacity 12731K, committed 12960K, reserved 1048576K
}
Event: 38.828 GC heap after
{Heap after GC invocations=46 (full 0):
 garbage-first heap   total 250880K, used 109415K [0x0000000080000000, 0x0000000100000000)
  region size 1024K, 3 young (3072K), 3 survivors (3072K)
 Metaspace       used 94847K, capacity 97137K, committed 97616K, reserved 1134592K
  class space    used 11905K, capacity 12731K, committed 12960K, reserved 1048576K
}
Event: 39.433 GC heap before
{Heap before GC invocations=46 (full 0):
 garbage-first heap   total 250880K, used 163687K [0x0000000080000000, 0x0000000100000000)
  region size 1024K, 57 young (58368K), 3 survivors (3072K)
 Metaspace       used 95905K, capacity 98236K, committed 98384K, reserved 1134592K
  class space    used 12003K, capacity 12858K, committed 12960K, reserved 1048576K
}
Event: 39.445 GC heap after
{Heap after GC invocations=47 (full 0):
 garbage-first heap   total 250880K, used 117558K [0x0000000080000000, 0x0000000100000000)
  region size 1024K, 8 young (8192K), 8 survivors (8192K)
 Metaspace       used 95905K, capacity 98236K, committed 98384K, reserved 1134592K
  class space    used 12003K, capacity 12858K, committed 12960K, reserved 1048576K
}
Event: 40.326 GC heap before
{Heap before GC invocations=47 (full 0):
 garbage-first heap   total 250880K, used 171830K [0x0000000080000000, 0x0000000100000000)
  region size 1024K, 62 young (63488K), 8 survivors (8192K)
 Metaspace       used 97637K, capacity 100015K, committed 100176K, reserved 1136640K
  class space    used 12227K, capacity 13105K, committed 13216K, reserved 1048576K
}
Event: 40.341 GC heap after
{Heap after GC invocations=48 (full 0):
 garbage-first heap   total 250880K, used 115772K [0x0000000080000000, 0x0000000100000000)
  region size 1024K, 2 young (2048K), 2 survivors (2048K)
 Metaspace       used 97637K, capacity 100015K, committed 100176K, reserved 1136640K
  class space    used 12227K, capacity 13105K, committed 13216K, reserved 1048576K
}
Event: 41.851 GC heap before
{Heap before GC invocations=48 (full 0):
 garbage-first heap   total 250880K, used 175164K [0x0000000080000000, 0x0000000100000000)
  region size 1024K, 61 young (62464K), 2 survivors (2048K)
 Metaspace       used 100798K, capacity 103110K, committed 103376K, reserved 1138688K
  class space    used 12585K, capacity 13462K, committed 13600K, reserved 1048576K
}
Event: 41.866 GC heap after
{Heap after GC invocations=49 (full 0):
 garbage-first heap   total 250880K, used 118704K [0x0000000080000000, 0x0000000100000000)
  region size 1024K, 5 young (5120K), 5 survivors (5120K)
 Metaspace       used 100798K, capacity 103110K, committed 103376K, reserved 1138688K
  class space    used 12585K, capacity 13462K, committed 13600K, reserved 1048576K
}
Event: 43.256 GC heap before
{Heap before GC invocations=50 (full 0):
 garbage-first heap   total 250880K, used 182847K [0x0000000080000000, 0x0000000100000000)
  region size 1024K, 69 young (70656K), 5 survivors (5120K)
 Metaspace       used 101306K, capacity 103592K, committed 103888K, reserved 1140736K
  class space    used 12611K, capacity 13463K, committed 13600K, reserved 1048576K
}
Event: 43.268 GC heap after
{Heap after GC invocations=51 (full 0):
 garbage-first heap   total 250880K, used 119808K [0x0000000080000000, 0x0000000100000000)
  region size 1024K, 6 young (6144K), 6 survivors (6144K)
 Metaspace       used 101306K, capacity 103592K, committed 103888K, reserved 1140736K
  class space    used 12611K, capacity 13463K, committed 13600K, reserved 1048576K
}
Event: 43.383 GC heap before
{Heap before GC invocations=51 (full 0):
 garbage-first heap   total 250880K, used 124928K [0x0000000080000000, 0x0000000100000000)
  region size 1024K, 12 young (12288K), 6 survivors (6144K)
 Metaspace       used 101328K, capacity 103658K, committed 103888K, reserved 1140736K
  class space    used 12611K, capacity 13463K, committed 13600K, reserved 1048576K
}
Event: 43.394 GC heap after
{Heap after GC invocations=52 (full 0):
 garbage-first heap   total 250880K, used 104263K [0x0000000080000000, 0x0000000100000000)
  region size 1024K, 1 young (1024K), 1 survivors (1024K)
 Metaspace       used 101328K, capacity 103658K, committed 103888K, reserved 1140736K
  class space    used 12611K, capacity 13463K, committed 13600K, reserved 1048576K
}
Event: 43.839 GC heap before
{Heap before GC invocations=52 (full 0):
 garbage-first heap   total 250880K, used 179015K [0x0000000080000000, 0x0000000100000000)
  region size 1024K, 75 young (76800K), 1 survivors (1024K)
 Metaspace       used 102497K, capacity 104902K, committed 105040K, reserved 1140736K
  class space    used 12779K, capacity 13662K, committed 13728K, reserved 1048576K
}
Event: 43.856 GC heap after
{Heap after GC invocations=53 (full 0):
 garbage-first heap   total 250880K, used 119678K [0x0000000080000000, 0x0000000100000000)
  region size 1024K, 10 young (10240K), 10 survivors (10240K)
 Metaspace       used 102497K, capacity 104902K, committed 105040K, reserved 1140736K
  class space    used 12779K, capacity 13662K, committed 13728K, reserved 1048576K
}
Event: 44.720 GC heap before
{Heap before GC invocations=53 (full 0):
 garbage-first heap   total 250880K, used 189310K [0x0000000080000000, 0x0000000100000000)
  region size 1024K, 79 young (80896K), 10 survivors (10240K)
 Metaspace       used 105933K, capacity 108547K, committed 108752K, reserved 1144832K
  class space    used 13288K, capacity 14262K, committed 14368K, reserved 1048576K
}

