# JRE version: OpenJDK Runtime Environment (11.0.13) (build 11.0.13+0-b1751.21-8125866)
# Java VM: OpenJDK 64-Bit Server VM (11.0.13+0-b1751.21-8125866, mixed mode, tiered, compressed oops, g1 gc, windows-amd64)
Heap:
 garbage-first heap   total 206848K, used 114581K [0x0000000080000000, 0x0000000100000000)
  region size 1024K, 23 young (23552K), 10 survivors (10240K)
 Metaspace       used 93883K, capacity 96150K, committed 96508K, reserved 1132544K
  class space    used 12108K, capacity 12943K, committed 13132K, reserved 1048576K
GC Heap History (20 events):
Event: 21.131 GC heap before
{Heap before GC invocations=23 (full 0):
 garbage-first heap   total 143360K, used 107536K [0x0000000080000000, 0x0000000100000000)
  region size 1024K, 47 young (48128K), 6 survivors (6144K)
 Metaspace       used 69676K, capacity 71346K, committed 71676K, reserved 1112064K
  class space    used 8795K, capacity 9409K, committed 9548K, reserved 1048576K
}
Event: 21.144 GC heap after
{Heap after GC invocations=24 (full 0):
 garbage-first heap   total 143360K, used 68435K [0x0000000080000000, 0x0000000100000000)
  region size 1024K, 6 young (6144K), 6 survivors (6144K)
 Metaspace       used 69676K, capacity 71346K, committed 71676K, reserved 1112064K
  class space    used 8795K, capacity 9409K, committed 9548K, reserved 1048576K
}
Event: 22.595 GC heap before
{Heap before GC invocations=24 (full 0):
 garbage-first heap   total 143360K, used 110419K [0x0000000080000000, 0x0000000100000000)
  region size 1024K, 47 young (48128K), 6 survivors (6144K)
 Metaspace       used 74315K, capacity 75944K, committed 76156K, reserved 1116160K
  class space    used 9561K, capacity 10165K, committed 10188K, reserved 1048576K
}
Event: 22.607 GC heap after
{Heap after GC invocations=25 (full 0):
 garbage-first heap   total 143360K, used 70945K [0x0000000080000000, 0x0000000100000000)
  region size 1024K, 6 young (6144K), 6 survivors (6144K)
 Metaspace       used 74315K, capacity 75944K, committed 76156K, reserved 1116160K
  class space    used 9561K, capacity 10165K, committed 10188K, reserved 1048576K
}
Event: 23.144 GC heap before
{Heap before GC invocations=25 (full 0):
 garbage-first heap   total 143360K, used 112929K [0x0000000080000000, 0x0000000100000000)
  region size 1024K, 47 young (48128K), 6 survivors (6144K)
 Metaspace       used 75045K, capacity 76865K, committed 77180K, reserved 1116160K
  class space    used 9680K, capacity 10321K, committed 10444K, reserved 1048576K
}
Event: 23.164 GC heap after
{Heap after GC invocations=26 (full 0):
 garbage-first heap   total 143360K, used 74126K [0x0000000080000000, 0x0000000100000000)
  region size 1024K, 6 young (6144K), 6 survivors (6144K)
 Metaspace       used 75045K, capacity 76865K, committed 77180K, reserved 1116160K
  class space    used 9680K, capacity 10321K, committed 10444K, reserved 1048576K
}
Event: 24.387 GC heap before
{Heap before GC invocations=27 (full 0):
 garbage-first heap   total 143360K, used 114062K [0x0000000080000000, 0x0000000100000000)
  region size 1024K, 46 young (47104K), 6 survivors (6144K)
 Metaspace       used 78157K, capacity 79963K, committed 80124K, reserved 1118208K
  class space    used 10103K, capacity 10762K, committed 10828K, reserved 1048576K
}
Event: 24.404 GC heap after
{Heap after GC invocations=28 (full 0):
 garbage-first heap   total 172032K, used 76293K [0x0000000080000000, 0x0000000100000000)
  region size 1024K, 4 young (4096K), 4 survivors (4096K)
 Metaspace       used 78157K, capacity 79963K, committed 80124K, reserved 1118208K
  class space    used 10103K, capacity 10762K, committed 10828K, reserved 1048576K
}
Event: 26.239 GC heap before
{Heap before GC invocations=28 (full 0):
 garbage-first heap   total 172032K, used 129541K [0x0000000080000000, 0x0000000100000000)
  region size 1024K, 56 young (57344K), 4 survivors (4096K)
 Metaspace       used 83337K, capacity 85239K, committed 85500K, reserved 1124352K
  class space    used 10789K, capacity 11462K, committed 11596K, reserved 1048576K
}
Event: 26.252 GC heap after
{Heap after GC invocations=29 (full 0):
 garbage-first heap   total 172032K, used 78920K [0x0000000080000000, 0x0000000100000000)
  region size 1024K, 7 young (7168K), 7 survivors (7168K)
 Metaspace       used 83337K, capacity 85239K, committed 85500K, reserved 1124352K
  class space    used 10789K, capacity 11462K, committed 11596K, reserved 1048576K
}
Event: 27.793 GC heap before
{Heap before GC invocations=29 (full 0):
 garbage-first heap   total 172032K, used 131144K [0x0000000080000000, 0x0000000100000000)
  region size 1024K, 59 young (60416K), 7 survivors (7168K)
 Metaspace       used 86367K, capacity 88670K, committed 88956K, reserved 1126400K
  class space    used 11309K, capacity 12140K, committed 12236K, reserved 1048576K
}
Event: 27.815 GC heap after
{Heap after GC invocations=30 (full 0):
 garbage-first heap   total 172032K, used 83347K [0x0000000080000000, 0x0000000100000000)
  region size 1024K, 8 young (8192K), 8 survivors (8192K)
 Metaspace       used 86367K, capacity 88670K, committed 88956K, reserved 1126400K
  class space    used 11309K, capacity 12140K, committed 12236K, reserved 1048576K
}
Event: 28.910 GC heap before
{Heap before GC invocations=30 (full 0):
 garbage-first heap   total 172032K, used 134547K [0x0000000080000000, 0x0000000100000000)
  region size 1024K, 59 young (60416K), 8 survivors (8192K)
 Metaspace       used 86810K, capacity 89171K, committed 89468K, reserved 1126400K
  class space    used 11327K, capacity 12187K, committed 12236K, reserved 1048576K
}
Event: 28.929 GC heap after
{Heap after GC invocations=31 (full 0):
 garbage-first heap   total 172032K, used 87141K [0x0000000080000000, 0x0000000100000000)
  region size 1024K, 5 young (5120K), 5 survivors (5120K)
 Metaspace       used 86810K, capacity 89171K, committed 89468K, reserved 1126400K
  class space    used 11327K, capacity 12187K, committed 12236K, reserved 1048576K
}
Event: 30.101 GC heap before
{Heap before GC invocations=31 (full 0):
 garbage-first heap   total 172032K, used 137317K [0x0000000080000000, 0x0000000100000000)
  region size 1024K, 55 young (56320K), 5 survivors (5120K)
 Metaspace       used 88796K, capacity 91131K, committed 91260K, reserved 1128448K
  class space    used 11533K, capacity 12378K, committed 12492K, reserved 1048576K
}
Event: 30.120 GC heap after
{Heap after GC invocations=32 (full 0):
 garbage-first heap   total 206848K, used 89449K [0x0000000080000000, 0x0000000100000000)
  region size 1024K, 7 young (7168K), 7 survivors (7168K)
 Metaspace       used 88796K, capacity 91131K, committed 91260K, reserved 1128448K
  class space    used 11533K, capacity 12378K, committed 12492K, reserved 1048576K
}
Event: 31.676 GC heap before
{Heap before GC invocations=33 (full 0):
 garbage-first heap   total 206848K, used 161129K [0x0000000080000000, 0x0000000100000000)
  region size 1024K, 78 young (79872K), 7 survivors (7168K)
 Metaspace       used 91940K, capacity 94114K, committed 94716K, reserved 1130496K
  class space    used 11832K, capacity 12629K, committed 12876K, reserved 1048576K
}
Event: 31.691 GC heap after
{Heap after GC invocations=34 (full 0):
 garbage-first heap   total 206848K, used 93528K [0x0000000080000000, 0x0000000100000000)
  region size 1024K, 7 young (7168K), 7 survivors (7168K)
 Metaspace       used 91940K, capacity 94114K, committed 94716K, reserved 1130496K
  class space    used 11832K, capacity 12629K, committed 12876K, reserved 1048576K
}
Event: 32.420 GC heap before
{Heap before GC invocations=34 (full 0):
 garbage-first heap   total 206848K, used 166232K [0x0000000080000000, 0x0000000100000000)
  region size 1024K, 79 young (80896K), 7 survivors (7168K)
 Metaspace       used 93259K, capacity 95543K, committed 95868K, reserved 1132544K
  class space    used 12027K, capacity 12867K, committed 13004K, reserved 1048576K
}
Event: 32.435 GC heap after
{Heap after GC invocations=35 (full 0):
 garbage-first heap   total 206848K, used 103317K [0x0000000080000000, 0x0000000100000000)
  region size 1024K, 10 young (10240K), 10 survivors (10240K)
 Metaspace       used 93259K, capacity 95543K, committed 95868K, reserved 1132544K
  class space    used 12027K, capacity 12867K, committed 13004K, reserved 1048576K
}

