# JRE version: OpenJDK Runtime Environment (11.0.13) (build 11.0.13+0-b1751.21-8125866)
# Java VM: OpenJDK 64-Bit Server VM (11.0.13+0-b1751.21-8125866, mixed mode, tiered, compressed oops, g1 gc, windows-amd64)
Heap:
 garbage-first heap   total 299008K, used 219309K [0x0000000080000000, 0x0000000100000000)
  region size 1024K, 42 young (43008K), 1 survivors (1024K)
 Metaspace       used 110077K, capacity 112811K, committed 113536K, reserved 1148928K
  class space    used 13793K, capacity 14761K, committed 14976K, reserved 1048576K
GC Heap History (20 events):
Event: 32.171 GC heap before
{Heap before GC invocations=51 (full 0):
 garbage-first heap   total 299008K, used 231891K [0x0000000080000000, 0x0000000100000000)
  region size 1024K, 88 young (90112K), 4 survivors (4096K)
 Metaspace       used 97818K, capacity 100360K, committed 100608K, reserved 1136640K
  class space    used 12619K, capacity 13504K, committed 13568K, reserved 1048576K
}
Event: 32.189 GC heap after
{Heap after GC invocations=52 (full 0):
 garbage-first heap   total 299008K, used 153980K [0x0000000080000000, 0x0000000100000000)
  region size 1024K, 11 young (11264K), 11 survivors (11264K)
 Metaspace       used 97818K, capacity 100360K, committed 100608K, reserved 1136640K
  class space    used 12619K, capacity 13504K, committed 13568K, reserved 1048576K
}
Event: 82.337 GC heap before
{Heap before GC invocations=53 (full 0):
 garbage-first heap   total 299008K, used 238972K [0x0000000080000000, 0x0000000100000000)
  region size 1024K, 94 young (96256K), 11 survivors (11264K)
 Metaspace       used 100167K, capacity 103047K, committed 103296K, reserved 1138688K
  class space    used 12856K, capacity 13855K, committed 13952K, reserved 1048576K
}
Event: 82.483 GC heap after
{Heap after GC invocations=54 (full 0):
 garbage-first heap   total 299008K, used 159444K [0x0000000080000000, 0x0000000100000000)
  region size 1024K, 6 young (6144K), 6 survivors (6144K)
 Metaspace       used 100167K, capacity 103047K, committed 103296K, reserved 1138688K
  class space    used 12856K, capacity 13855K, committed 13952K, reserved 1048576K
}
Event: 85.400 GC heap before
{Heap before GC invocations=54 (full 0):
 garbage-first heap   total 299008K, used 243412K [0x0000000080000000, 0x0000000100000000)
  region size 1024K, 88 young (90112K), 6 survivors (6144K)
 Metaspace       used 100933K, capacity 103822K, committed 104064K, reserved 1138688K
  class space    used 12882K, capacity 13903K, committed 13952K, reserved 1048576K
}
Event: 85.481 GC heap after
{Heap after GC invocations=55 (full 0):
 garbage-first heap   total 299008K, used 168847K [0x0000000080000000, 0x0000000100000000)
  region size 1024K, 11 young (11264K), 11 survivors (11264K)
 Metaspace       used 100933K, capacity 103822K, committed 104064K, reserved 1138688K
  class space    used 12882K, capacity 13903K, committed 13952K, reserved 1048576K
}
Event: 2437.761 GC heap before
{Heap before GC invocations=56 (full 0):
 garbage-first heap   total 299008K, used 246671K [0x0000000080000000, 0x0000000100000000)
  region size 1024K, 87 young (89088K), 11 survivors (11264K)
 Metaspace       used 101323K, capacity 104217K, committed 104576K, reserved 1140736K
  class space    used 12870K, capacity 13876K, committed 13952K, reserved 1048576K
}
Event: 2437.976 GC heap after
{Heap after GC invocations=57 (full 0):
 garbage-first heap   total 299008K, used 169920K [0x0000000080000000, 0x0000000100000000)
  region size 1024K, 2 young (2048K), 2 survivors (2048K)
 Metaspace       used 101323K, capacity 104217K, committed 104576K, reserved 1140736K
  class space    used 12870K, capacity 13876K, committed 13952K, reserved 1048576K
}
Event: 3553.269 GC heap before
{Heap before GC invocations=57 (full 0):
 garbage-first heap   total 299008K, used 248768K [0x0000000080000000, 0x0000000100000000)
  region size 1024K, 80 young (81920K), 2 survivors (2048K)
 Metaspace       used 102632K, capacity 105698K, committed 105856K, reserved 1140736K
  class space    used 13044K, capacity 14102K, committed 14208K, reserved 1048576K
}
Event: 3553.340 GC heap after
{Heap after GC invocations=58 (full 0):
 garbage-first heap   total 299008K, used 175628K [0x0000000080000000, 0x0000000100000000)
  region size 1024K, 8 young (8192K), 8 survivors (8192K)
 Metaspace       used 102632K, capacity 105698K, committed 105856K, reserved 1140736K
  class space    used 13044K, capacity 14102K, committed 14208K, reserved 1048576K
}
Event: 3555.851 GC heap before
{Heap before GC invocations=59 (full 0):
 garbage-first heap   total 299008K, used 251404K [0x0000000080000000, 0x0000000100000000)
  region size 1024K, 81 young (82944K), 8 survivors (8192K)
 Metaspace       used 104506K, capacity 107153K, committed 108160K, reserved 1142784K
  class space    used 13146K, capacity 14128K, committed 14464K, reserved 1048576K
}
Event: 3555.904 GC heap after
{Heap after GC invocations=60 (full 0):
 garbage-first heap   total 299008K, used 194336K [0x0000000080000000, 0x0000000100000000)
  region size 1024K, 11 young (11264K), 11 survivors (11264K)
 Metaspace       used 104506K, capacity 107153K, committed 108160K, reserved 1142784K
  class space    used 13146K, capacity 14128K, committed 14464K, reserved 1048576K
}
Event: 3555.958 GC heap before
{Heap before GC invocations=60 (full 0):
 garbage-first heap   total 299008K, used 197408K [0x0000000080000000, 0x0000000100000000)
  region size 1024K, 14 young (14336K), 11 survivors (11264K)
 Metaspace       used 104511K, capacity 107217K, committed 108416K, reserved 1142784K
  class space    used 13146K, capacity 14128K, committed 14464K, reserved 1048576K
}
Event: 3556.005 GC heap after
{Heap after GC invocations=61 (full 0):
 garbage-first heap   total 299008K, used 183874K [0x0000000080000000, 0x0000000100000000)
  region size 1024K, 2 young (2048K), 2 survivors (2048K)
 Metaspace       used 104511K, capacity 107217K, committed 108416K, reserved 1142784K
  class space    used 13146K, capacity 14128K, committed 14464K, reserved 1048576K
}
Event: 3556.086 GC heap before
{Heap before GC invocations=61 (full 0):
 garbage-first heap   total 299008K, used 187970K [0x0000000080000000, 0x0000000100000000)
  region size 1024K, 8 young (8192K), 2 survivors (2048K)
 Metaspace       used 104526K, capacity 107217K, committed 108416K, reserved 1142784K
  class space    used 13146K, capacity 14128K, committed 14464K, reserved 1048576K
}
Event: 3556.100 GC heap after
{Heap after GC invocations=62 (full 0):
 garbage-first heap   total 299008K, used 188837K [0x0000000080000000, 0x0000000100000000)
  region size 1024K, 7 young (7168K), 7 survivors (7168K)
 Metaspace       used 104526K, capacity 107217K, committed 108416K, reserved 1142784K
  class space    used 13146K, capacity 14128K, committed 14464K, reserved 1048576K
}
Event: 3557.307 GC heap before
{Heap before GC invocations=63 (full 0):
 garbage-first heap   total 299008K, used 236965K [0x0000000080000000, 0x0000000100000000)
  region size 1024K, 41 young (41984K), 7 survivors (7168K)
 Metaspace       used 106942K, capacity 109651K, committed 110720K, reserved 1144832K
  class space    used 13403K, capacity 14393K, committed 14720K, reserved 1048576K
}
Event: 3557.325 GC heap after
{Heap after GC invocations=64 (full 0):
 garbage-first heap   total 299008K, used 187505K [0x0000000080000000, 0x0000000100000000)
  region size 1024K, 2 young (2048K), 2 survivors (2048K)
 Metaspace       used 106942K, capacity 109651K, committed 110720K, reserved 1144832K
  class space    used 13403K, capacity 14393K, committed 14720K, reserved 1048576K
}
Event: 3557.886 GC heap before
{Heap before GC invocations=64 (full 0):
 garbage-first heap   total 299008K, used 198769K [0x0000000080000000, 0x0000000100000000)
  region size 1024K, 14 young (14336K), 2 survivors (2048K)
 Metaspace       used 107702K, capacity 110384K, committed 111232K, reserved 1146880K
  class space    used 13481K, capacity 14465K, committed 14720K, reserved 1048576K
}
Event: 3557.903 GC heap after
{Heap after GC invocations=65 (full 0):
 garbage-first heap   total 299008K, used 179373K [0x0000000080000000, 0x0000000100000000)
  region size 1024K, 1 young (1024K), 1 survivors (1024K)
 Metaspace       used 107702K, capacity 110384K, committed 111232K, reserved 1146880K
  class space    used 13481K, capacity 14465K, committed 14720K, reserved 1048576K
}

