# JRE version: OpenJDK Runtime Environment (11.0.13) (build 11.0.13+0-b1751.21-8125866)
# Java VM: OpenJDK 64-Bit Server VM (11.0.13+0-b1751.21-8125866, mixed mode, tiered, compressed oops, g1 gc, windows-amd64)
Heap:
 garbage-first heap   total 709632K, used 203938K [0x0000000080000000, 0x0000000100000000)
  region size 1024K, 7 young (7168K), 7 survivors (7168K)
 Metaspace       used 106446K, capacity 109404K, committed 109776K, reserved 1144832K
  class space    used 13858K, capacity 14983K, committed 15104K, reserved 1048576K
GC Heap History (20 events):
Event: 35.749 GC heap after
{Heap after GC invocations=46 (full 0):
 garbage-first heap   total 206848K, used 118671K [0x0000000080000000, 0x0000000100000000)
  region size 1024K, 8 young (8192K), 8 survivors (8192K)
 Metaspace       used 97438K, capacity 100092K, committed 100432K, reserved 1136640K
  class space    used 12597K, capacity 13595K, committed 13696K, reserved 1048576K
}
Event: 35.986 GC heap before
{Heap before GC invocations=46 (full 0):
 garbage-first heap   total 206848K, used 163727K [0x0000000080000000, 0x0000000100000000)
  region size 1024K, 52 young (53248K), 8 survivors (8192K)
 Metaspace       used 98418K, capacity 101115K, committed 101328K, reserved 1136640K
  class space    used 12736K, capacity 13722K, committed 13824K, reserved 1048576K
}
Event: 36.013 GC heap after
{Heap after GC invocations=47 (full 0):
 garbage-first heap   total 206848K, used 124769K [0x0000000080000000, 0x0000000100000000)
  region size 1024K, 7 young (7168K), 7 survivors (7168K)
 Metaspace       used 98418K, capacity 101115K, committed 101328K, reserved 1136640K
  class space    used 12736K, capacity 13722K, committed 13824K, reserved 1048576K
}
Event: 36.269 GC heap before
{Heap before GC invocations=47 (full 0):
 garbage-first heap   total 206848K, used 165729K [0x0000000080000000, 0x0000000100000000)
  region size 1024K, 47 young (48128K), 7 survivors (7168K)
 Metaspace       used 98964K, capacity 101656K, committed 101968K, reserved 1136640K
  class space    used 12807K, capacity 13795K, committed 13952K, reserved 1048576K
}
Event: 36.304 GC heap after
{Heap after GC invocations=48 (full 0):
 garbage-first heap   total 248832K, used 133040K [0x0000000080000000, 0x0000000100000000)
  region size 1024K, 6 young (6144K), 6 survivors (6144K)
 Metaspace       used 98964K, capacity 101656K, committed 101968K, reserved 1136640K
  class space    used 12807K, capacity 13795K, committed 13952K, reserved 1048576K
}
Event: 36.548 GC heap before
{Heap before GC invocations=49 (full 0):
 garbage-first heap   total 248832K, used 186288K [0x0000000080000000, 0x0000000100000000)
  region size 1024K, 59 young (60416K), 6 survivors (6144K)
 Metaspace       used 99733K, capacity 102392K, committed 102736K, reserved 1138688K
  class space    used 12892K, capacity 13891K, committed 13952K, reserved 1048576K
}
Event: 36.576 GC heap after
{Heap after GC invocations=50 (full 0):
 garbage-first heap   total 248832K, used 144167K [0x0000000080000000, 0x0000000100000000)
  region size 1024K, 8 young (8192K), 8 survivors (8192K)
 Metaspace       used 99733K, capacity 102392K, committed 102736K, reserved 1138688K
  class space    used 12892K, capacity 13891K, committed 13952K, reserved 1048576K
}
Event: 36.713 GC heap before
{Heap before GC invocations=50 (full 0):
 garbage-first heap   total 248832K, used 193319K [0x0000000080000000, 0x0000000100000000)
  region size 1024K, 57 young (58368K), 8 survivors (8192K)
 Metaspace       used 100353K, capacity 103067K, committed 103376K, reserved 1138688K
  class space    used 12959K, capacity 13964K, committed 14080K, reserved 1048576K
}
Event: 36.747 GC heap after
{Heap after GC invocations=51 (full 0):
 garbage-first heap   total 248832K, used 154826K [0x0000000080000000, 0x0000000100000000)
  region size 1024K, 8 young (8192K), 8 survivors (8192K)
 Metaspace       used 100353K, capacity 103067K, committed 103376K, reserved 1138688K
  class space    used 12959K, capacity 13964K, committed 14080K, reserved 1048576K
}
Event: 36.928 GC heap before
{Heap before GC invocations=51 (full 0):
 garbage-first heap   total 248832K, used 199882K [0x0000000080000000, 0x0000000100000000)
  region size 1024K, 52 young (53248K), 8 survivors (8192K)
 Metaspace       used 100938K, capacity 103773K, committed 104016K, reserved 1138688K
  class space    used 13086K, capacity 14190K, committed 14208K, reserved 1048576K
}
Event: 36.953 GC heap after
{Heap after GC invocations=52 (full 0):
 garbage-first heap   total 248832K, used 163511K [0x0000000080000000, 0x0000000100000000)
  region size 1024K, 7 young (7168K), 7 survivors (7168K)
 Metaspace       used 100938K, capacity 103773K, committed 104016K, reserved 1138688K
  class space    used 13086K, capacity 14190K, committed 14208K, reserved 1048576K
}
Event: 37.041 GC heap before
{Heap before GC invocations=52 (full 0):
 garbage-first heap   total 248832K, used 203447K [0x0000000080000000, 0x0000000100000000)
  region size 1024K, 46 young (47104K), 7 survivors (7168K)
 Metaspace       used 101001K, capacity 103861K, committed 104016K, reserved 1138688K
  class space    used 13095K, capacity 14196K, committed 14208K, reserved 1048576K
}
Event: 37.080 GC heap after
{Heap after GC invocations=53 (full 0):
 garbage-first heap   total 362496K, used 170643K [0x0000000080000000, 0x0000000100000000)
  region size 1024K, 6 young (6144K), 6 survivors (6144K)
 Metaspace       used 101001K, capacity 103861K, committed 104016K, reserved 1138688K
  class space    used 13095K, capacity 14196K, committed 14208K, reserved 1048576K
}
Event: 37.673 GC heap before
{Heap before GC invocations=54 (full 0):
 garbage-first heap   total 362496K, used 246419K [0x0000000080000000, 0x0000000100000000)
  region size 1024K, 80 young (81920K), 6 survivors (6144K)
 Metaspace       used 101090K, capacity 103709K, committed 104400K, reserved 1138688K
  class space    used 13048K, capacity 14057K, committed 14336K, reserved 1048576K
}
Event: 37.741 GC heap after
{Heap after GC invocations=55 (full 0):
 garbage-first heap   total 362496K, used 183894K [0x0000000080000000, 0x0000000100000000)
  region size 1024K, 10 young (10240K), 10 survivors (10240K)
 Metaspace       used 101090K, capacity 103709K, committed 104400K, reserved 1138688K
  class space    used 13048K, capacity 14057K, committed 14336K, reserved 1048576K
}
Event: 38.023 GC heap before
{Heap before GC invocations=55 (full 0):
 garbage-first heap   total 362496K, used 261718K [0x0000000080000000, 0x0000000100000000)
  region size 1024K, 87 young (89088K), 10 survivors (10240K)
 Metaspace       used 102523K, capacity 105332K, committed 105680K, reserved 1140736K
  class space    used 13315K, capacity 14386K, committed 14592K, reserved 1048576K
}
Event: 38.080 GC heap after
{Heap after GC invocations=56 (full 0):
 garbage-first heap   total 362496K, used 196818K [0x0000000080000000, 0x0000000100000000)
  region size 1024K, 11 young (11264K), 11 survivors (11264K)
 Metaspace       used 102523K, capacity 105332K, committed 105680K, reserved 1140736K
  class space    used 13315K, capacity 14386K, committed 14592K, reserved 1048576K
}
Event: 39.276 GC heap before
{Heap before GC invocations=57 (full 0):
 garbage-first heap   total 362496K, used 274642K [0x0000000080000000, 0x0000000100000000)
  region size 1024K, 87 young (89088K), 11 survivors (11264K)
 Metaspace       used 105097K, capacity 107868K, committed 108240K, reserved 1142784K
  class space    used 13645K, capacity 14703K, committed 14848K, reserved 1048576K
}
Event: 39.302 GC heap after
{Heap after GC invocations=58 (full 0):
 garbage-first heap   total 362496K, used 203776K [0x0000000080000000, 0x0000000100000000)
  region size 1024K, 6 young (6144K), 6 survivors (6144K)
 Metaspace       used 105097K, capacity 107868K, committed 108240K, reserved 1142784K
  class space    used 13645K, capacity 14703K, committed 14848K, reserved 1048576K
}
Event: 39.802 GC heap before
{Heap before GC invocations=58 (full 0):
 garbage-first heap   total 362496K, used 282624K [0x0000000080000000, 0x0000000100000000)
  region size 1024K, 83 young (84992K), 6 survivors (6144K)
 Metaspace       used 106446K, capacity 109404K, committed 109776K, reserved 1144832K
  class space    used 13858K, capacity 14983K, committed 15104K, reserved 1048576K
}

