# JRE version: OpenJDK Runtime Environment (11.0.13) (build 11.0.13+0-b1751.21-8125866)
# Java VM: OpenJDK 64-Bit Server VM (11.0.13+0-b1751.21-8125866, mixed mode, tiered, compressed oops, g1 gc, windows-amd64)
Heap:
 garbage-first heap   total 749568K, used 217533K [0x0000000080000000, 0x0000000100000000)
  region size 1024K, 8 young (8192K), 8 survivors (8192K)
 Metaspace       used 106692K, capacity 110163K, committed 110416K, reserved 1144832K
  class space    used 14174K, capacity 15646K, committed 15744K, reserved 1048576K
GC Heap History (20 events):
Event: 33.311 GC heap after
{Heap after GC invocations=40 (full 0):
 garbage-first heap   total 206848K, used 130829K [0x0000000080000000, 0x0000000100000000)
  region size 1024K, 6 young (6144K), 6 survivors (6144K)
 Metaspace       used 97588K, capacity 100135K, committed 100432K, reserved 1136640K
  class space    used 12610K, capacity 13581K, committed 13696K, reserved 1048576K
}
Event: 33.579 GC heap before
{Heap before GC invocations=40 (full 0):
 garbage-first heap   total 206848K, used 167693K [0x0000000080000000, 0x0000000100000000)
  region size 1024K, 42 young (43008K), 6 survivors (6144K)
 Metaspace       used 98067K, capacity 100671K, committed 100944K, reserved 1136640K
  class space    used 12663K, capacity 13653K, committed 13696K, reserved 1048576K
}
Event: 33.615 GC heap after
{Heap after GC invocations=41 (full 0):
 garbage-first heap   total 206848K, used 138113K [0x0000000080000000, 0x0000000100000000)
  region size 1024K, 6 young (6144K), 6 survivors (6144K)
 Metaspace       used 98067K, capacity 100671K, committed 100944K, reserved 1136640K
  class space    used 12663K, capacity 13653K, committed 13696K, reserved 1048576K
}
Event: 34.055 GC heap before
{Heap before GC invocations=42 (full 0):
 garbage-first heap   total 206848K, used 168833K [0x0000000080000000, 0x0000000100000000)
  region size 1024K, 37 young (37888K), 6 survivors (6144K)
 Metaspace       used 99107K, capacity 101860K, committed 101968K, reserved 1136640K
  class space    used 12836K, capacity 13852K, committed 13952K, reserved 1048576K
}
Event: 34.079 GC heap after
{Heap after GC invocations=43 (full 0):
 garbage-first heap   total 252928K, used 144692K [0x0000000080000000, 0x0000000100000000)
  region size 1024K, 5 young (5120K), 5 survivors (5120K)
 Metaspace       used 99107K, capacity 101860K, committed 101968K, reserved 1136640K
  class space    used 12836K, capacity 13852K, committed 13952K, reserved 1048576K
}
Event: 34.289 GC heap before
{Heap before GC invocations=43 (full 0):
 garbage-first heap   total 252928K, used 187700K [0x0000000080000000, 0x0000000100000000)
  region size 1024K, 48 young (49152K), 5 survivors (5120K)
 Metaspace       used 99585K, capacity 102308K, committed 102480K, reserved 1138688K
  class space    used 12894K, capacity 13916K, committed 13952K, reserved 1048576K
}
Event: 34.315 GC heap after
{Heap after GC invocations=44 (full 0):
 garbage-first heap   total 252928K, used 154287K [0x0000000080000000, 0x0000000100000000)
  region size 1024K, 6 young (6144K), 6 survivors (6144K)
 Metaspace       used 99585K, capacity 102308K, committed 102480K, reserved 1138688K
  class space    used 12894K, capacity 13916K, committed 13952K, reserved 1048576K
}
Event: 34.524 GC heap before
{Heap before GC invocations=44 (full 0):
 garbage-first heap   total 252928K, used 196271K [0x0000000080000000, 0x0000000100000000)
  region size 1024K, 47 young (48128K), 6 survivors (6144K)
 Metaspace       used 100194K, capacity 102891K, committed 103120K, reserved 1138688K
  class space    used 12957K, capacity 13980K, committed 14080K, reserved 1048576K
}
Event: 34.548 GC heap after
{Heap after GC invocations=45 (full 0):
 garbage-first heap   total 252928K, used 162165K [0x0000000080000000, 0x0000000100000000)
  region size 1024K, 6 young (6144K), 6 survivors (6144K)
 Metaspace       used 100194K, capacity 102891K, committed 103120K, reserved 1138688K
  class space    used 12957K, capacity 13980K, committed 14080K, reserved 1048576K
}
Event: 34.795 GC heap before
{Heap before GC invocations=45 (full 0):
 garbage-first heap   total 252928K, used 202101K [0x0000000080000000, 0x0000000100000000)
  region size 1024K, 45 young (46080K), 6 survivors (6144K)
 Metaspace       used 100850K, capacity 103621K, committed 103888K, reserved 1138688K
  class space    used 13108K, capacity 14267K, committed 14336K, reserved 1048576K
}
Event: 34.820 GC heap after
{Heap after GC invocations=46 (full 0):
 garbage-first heap   total 252928K, used 169514K [0x0000000080000000, 0x0000000100000000)
  region size 1024K, 6 young (6144K), 6 survivors (6144K)
 Metaspace       used 100850K, capacity 103621K, committed 103888K, reserved 1138688K
  class space    used 13108K, capacity 14267K, committed 14336K, reserved 1048576K
}
Event: 35.023 GC heap before
{Heap before GC invocations=47 (full 0):
 garbage-first heap   total 252928K, used 206378K [0x0000000080000000, 0x0000000100000000)
  region size 1024K, 42 young (43008K), 6 survivors (6144K)
 Metaspace       used 101634K, capacity 104668K, committed 104912K, reserved 1140736K
  class space    used 13280K, capacity 14558K, committed 14592K, reserved 1048576K
}
Event: 35.054 GC heap after
{Heap after GC invocations=48 (full 0):
 garbage-first heap   total 435200K, used 176647K [0x0000000080000000, 0x0000000100000000)
  region size 1024K, 6 young (6144K), 6 survivors (6144K)
 Metaspace       used 101634K, capacity 104668K, committed 104912K, reserved 1140736K
  class space    used 13280K, capacity 14558K, committed 14592K, reserved 1048576K
}
Event: 35.090 GC heap before
{Heap before GC invocations=48 (full 0):
 garbage-first heap   total 435200K, used 192007K [0x0000000080000000, 0x0000000100000000)
  region size 1024K, 21 young (21504K), 6 survivors (6144K)
 Metaspace       used 101661K, capacity 104677K, committed 104912K, reserved 1140736K
  class space    used 13287K, capacity 14561K, committed 14592K, reserved 1048576K
}
Event: 35.110 GC heap after
{Heap after GC invocations=49 (full 0):
 garbage-first heap   total 435200K, used 180386K [0x0000000080000000, 0x0000000100000000)
  region size 1024K, 3 young (3072K), 3 survivors (3072K)
 Metaspace       used 101661K, capacity 104677K, committed 104912K, reserved 1140736K
  class space    used 13287K, capacity 14561K, committed 14592K, reserved 1048576K
}
Event: 35.362 GC heap before
{Heap before GC invocations=49 (full 0):
 garbage-first heap   total 435200K, used 267426K [0x0000000080000000, 0x0000000100000000)
  region size 1024K, 88 young (90112K), 3 survivors (3072K)
 Metaspace       used 102576K, capacity 105637K, committed 105936K, reserved 1140736K
  class space    used 13457K, capacity 14761K, committed 14848K, reserved 1048576K
}
Event: 35.404 GC heap after
{Heap after GC invocations=50 (full 0):
 garbage-first heap   total 435200K, used 194859K [0x0000000080000000, 0x0000000100000000)
  region size 1024K, 11 young (11264K), 11 survivors (11264K)
 Metaspace       used 102576K, capacity 105637K, committed 105936K, reserved 1140736K
  class space    used 13457K, capacity 14761K, committed 14848K, reserved 1048576K
}
Event: 36.251 GC heap before
{Heap before GC invocations=50 (full 0):
 garbage-first heap   total 435200K, used 291115K [0x0000000080000000, 0x0000000100000000)
  region size 1024K, 106 young (108544K), 11 survivors (11264K)
 Metaspace       used 105977K, capacity 109437K, committed 109520K, reserved 1142784K
  class space    used 14112K, capacity 15565K, committed 15616K, reserved 1048576K
}
Event: 36.291 GC heap after
{Heap after GC invocations=51 (full 0):
 garbage-first heap   total 435200K, used 209920K [0x0000000080000000, 0x0000000100000000)
  region size 1024K, 14 young (14336K), 14 survivors (14336K)
 Metaspace       used 105977K, capacity 109437K, committed 109520K, reserved 1142784K
  class space    used 14112K, capacity 15565K, committed 15616K, reserved 1048576K
}
Event: 37.010 GC heap before
{Heap before GC invocations=51 (full 0):
 garbage-first heap   total 435200K, used 309248K [0x0000000080000000, 0x0000000100000000)
  region size 1024K, 112 young (114688K), 14 survivors (14336K)
 Metaspace       used 106692K, capacity 110163K, committed 110416K, reserved 1144832K
  class space    used 14174K, capacity 15646K, committed 15744K, reserved 1048576K
}

