# JRE version: OpenJDK Runtime Environment (11.0.13) (build 11.0.13+0-b1751.21-8125866)
# Java VM: OpenJDK 64-Bit Server VM (11.0.13+0-b1751.21-8125866, mixed mode, tiered, compressed oops, g1 gc, windows-amd64)
Heap:
 garbage-first heap   total 610304K, used 228273K [0x0000000080000000, 0x0000000100000000)
  region size 1024K, 13 young (13312K), 13 survivors (13312K)
 Metaspace       used 118345K, capacity 121547K, committed 122448K, reserved 1155072K
  class space    used 14870K, capacity 16143K, committed 16512K, reserved 1048576K
GC Heap History (20 events):
Event: 37.277 GC heap after
{Heap after GC invocations=51 (full 0):
 garbage-first heap   total 270336K, used 151390K [0x0000000080000000, 0x0000000100000000)
  region size 1024K, 2 young (2048K), 2 survivors (2048K)
 Metaspace       used 111212K, capacity 114172K, committed 114256K, reserved 1148928K
  class space    used 13979K, capacity 15185K, committed 15232K, reserved 1048576K
}
Event: 37.598 GC heap before
{Heap before GC invocations=51 (full 0):
 garbage-first heap   total 270336K, used 216926K [0x0000000080000000, 0x0000000100000000)
  region size 1024K, 66 young (67584K), 2 survivors (2048K)
 Metaspace       used 112439K, capacity 115567K, committed 115792K, reserved 1148928K
  class space    used 14205K, capacity 15480K, committed 15488K, reserved 1048576K
}
Event: 37.617 GC heap after
{Heap after GC invocations=52 (full 0):
 garbage-first heap   total 270336K, used 160768K [0x0000000080000000, 0x0000000100000000)
  region size 1024K, 9 young (9216K), 9 survivors (9216K)
 Metaspace       used 112439K, capacity 115567K, committed 115792K, reserved 1148928K
  class space    used 14205K, capacity 15480K, committed 15488K, reserved 1048576K
}
Event: 38.010 GC heap before
{Heap before GC invocations=52 (full 0):
 garbage-first heap   total 270336K, used 218112K [0x0000000080000000, 0x0000000100000000)
  region size 1024K, 66 young (67584K), 9 survivors (9216K)
 Metaspace       used 113823K, capacity 116738K, committed 118096K, reserved 1150976K
  class space    used 14301K, capacity 15425K, committed 16000K, reserved 1048576K
}
Event: 38.042 GC heap after
{Heap after GC invocations=53 (full 0):
 garbage-first heap   total 324608K, used 171472K [0x0000000080000000, 0x0000000100000000)
  region size 1024K, 9 young (9216K), 9 survivors (9216K)
 Metaspace       used 113823K, capacity 116738K, committed 118096K, reserved 1150976K
  class space    used 14301K, capacity 15425K, committed 16000K, reserved 1048576K
}
Event: 38.604 GC heap before
{Heap before GC invocations=54 (full 0):
 garbage-first heap   total 324608K, used 249296K [0x0000000080000000, 0x0000000100000000)
  region size 1024K, 86 young (88064K), 9 survivors (9216K)
 Metaspace       used 116469K, capacity 119602K, committed 120400K, reserved 1153024K
  class space    used 14701K, capacity 15927K, committed 16256K, reserved 1048576K
}
Event: 38.631 GC heap after
{Heap after GC invocations=55 (full 0):
 garbage-first heap   total 324608K, used 182327K [0x0000000080000000, 0x0000000100000000)
  region size 1024K, 10 young (10240K), 10 survivors (10240K)
 Metaspace       used 116469K, capacity 119602K, committed 120400K, reserved 1153024K
  class space    used 14701K, capacity 15927K, committed 16256K, reserved 1048576K
}
Event: 38.688 GC heap before
{Heap before GC invocations=55 (full 0):
 garbage-first heap   total 324608K, used 187447K [0x0000000080000000, 0x0000000100000000)
  region size 1024K, 15 young (15360K), 10 survivors (10240K)
 Metaspace       used 116580K, capacity 119757K, committed 120528K, reserved 1153024K
  class space    used 14722K, capacity 15979K, committed 16384K, reserved 1048576K
}
Event: 38.703 GC heap after
{Heap after GC invocations=56 (full 0):
 garbage-first heap   total 324608K, used 181346K [0x0000000080000000, 0x0000000100000000)
  region size 1024K, 2 young (2048K), 2 survivors (2048K)
 Metaspace       used 116580K, capacity 119757K, committed 120528K, reserved 1153024K
  class space    used 14722K, capacity 15979K, committed 16384K, reserved 1048576K
}
Event: 39.567 GC heap before
{Heap before GC invocations=56 (full 0):
 garbage-first heap   total 324608K, used 256098K [0x0000000080000000, 0x0000000100000000)
  region size 1024K, 76 young (77824K), 2 survivors (2048K)
 Metaspace       used 118258K, capacity 121705K, committed 121808K, reserved 1155072K
  class space    used 14958K, capacity 16312K, committed 16384K, reserved 1048576K
}
Event: 39.587 GC heap after
{Heap after GC invocations=57 (full 0):
 garbage-first heap   total 324608K, used 189722K [0x0000000080000000, 0x0000000100000000)
  region size 1024K, 10 young (10240K), 10 survivors (10240K)
 Metaspace       used 118258K, capacity 121705K, committed 121808K, reserved 1155072K
  class space    used 14958K, capacity 16312K, committed 16384K, reserved 1048576K
}
Event: 39.891 GC heap before
{Heap before GC invocations=57 (full 0):
 garbage-first heap   total 324608K, used 260378K [0x0000000080000000, 0x0000000100000000)
  region size 1024K, 80 young (81920K), 10 survivors (10240K)
 Metaspace       used 118439K, capacity 121855K, committed 122064K, reserved 1155072K
  class space    used 14968K, capacity 16319K, committed 16384K, reserved 1048576K
}
Event: 39.947 GC heap after
{Heap after GC invocations=58 (full 0):
 garbage-first heap   total 414720K, used 198172K [0x0000000080000000, 0x0000000100000000)
  region size 1024K, 10 young (10240K), 10 survivors (10240K)
 Metaspace       used 118439K, capacity 121855K, committed 122064K, reserved 1155072K
  class space    used 14968K, capacity 16319K, committed 16384K, reserved 1048576K
}
Event: 40.461 GC heap before
{Heap before GC invocations=59 (full 0):
 garbage-first heap   total 414720K, used 303644K [0x0000000080000000, 0x0000000100000000)
  region size 1024K, 113 young (115712K), 10 survivors (10240K)
 Metaspace       used 118022K, capacity 121207K, committed 122064K, reserved 1155072K
  class space    used 14825K, capacity 16075K, committed 16384K, reserved 1048576K
}
Event: 40.480 GC heap after
{Heap after GC invocations=60 (full 0):
 garbage-first heap   total 414720K, used 205427K [0x0000000080000000, 0x0000000100000000)
  region size 1024K, 10 young (10240K), 10 survivors (10240K)
 Metaspace       used 118022K, capacity 121207K, committed 122064K, reserved 1155072K
  class space    used 14825K, capacity 16075K, committed 16384K, reserved 1048576K
}
Event: 40.745 GC heap before
{Heap before GC invocations=60 (full 0):
 garbage-first heap   total 414720K, used 310899K [0x0000000080000000, 0x0000000100000000)
  region size 1024K, 114 young (116736K), 10 survivors (10240K)
 Metaspace       used 118033K, capacity 121216K, committed 122064K, reserved 1155072K
  class space    used 14826K, capacity 16078K, committed 16384K, reserved 1048576K
}
Event: 40.779 GC heap after
{Heap after GC invocations=61 (full 0):
 garbage-first heap   total 414720K, used 218500K [0x0000000080000000, 0x0000000100000000)
  region size 1024K, 15 young (15360K), 15 survivors (15360K)
 Metaspace       used 118033K, capacity 121216K, committed 122064K, reserved 1155072K
  class space    used 14826K, capacity 16078K, committed 16384K, reserved 1048576K
}
Event: 41.169 GC heap before
{Heap before GC invocations=61 (full 0):
 garbage-first heap   total 414720K, used 319876K [0x0000000080000000, 0x0000000100000000)
  region size 1024K, 115 young (117760K), 15 survivors (15360K)
 Metaspace       used 118057K, capacity 121223K, committed 122064K, reserved 1155072K
  class space    used 14832K, capacity 16079K, committed 16384K, reserved 1048576K
}
Event: 41.192 GC heap after
{Heap after GC invocations=62 (full 0):
 garbage-first heap   total 414720K, used 222880K [0x0000000080000000, 0x0000000100000000)
  region size 1024K, 7 young (7168K), 7 survivors (7168K)
 Metaspace       used 118057K, capacity 121223K, committed 122064K, reserved 1155072K
  class space    used 14832K, capacity 16079K, committed 16384K, reserved 1048576K
}
Event: 41.529 GC heap before
{Heap before GC invocations=62 (full 0):
 garbage-first heap   total 414720K, used 326304K [0x0000000080000000, 0x0000000100000000)
  region size 1024K, 109 young (111616K), 7 survivors (7168K)
 Metaspace       used 118345K, capacity 121547K, committed 122448K, reserved 1155072K
  class space    used 14870K, capacity 16143K, committed 16512K, reserved 1048576K
}

