# JRE version: OpenJDK Runtime Environment (11.0.13) (build 11.0.13+0-b1751.21-8125866)
# Java VM: OpenJDK 64-Bit Server VM (11.0.13+0-b1751.21-8125866, mixed mode, tiered, compressed oops, g1 gc, windows-amd64)
Heap:
 garbage-first heap   total 118784K, used 88972K [0x0000000080000000, 0x0000000100000000)
  region size 1024K, 25 young (25600K), 1 survivors (1024K)
 Metaspace       used 62883K, capacity 64439K, committed 64808K, reserved 1105920K
  class space    used 7905K, capacity 8485K, committed 8652K, reserved 1048576K
GC Heap History (20 events):
Event: 6.450 GC heap before
{Heap before GC invocations=7 (full 0):
 garbage-first heap   total 98304K, used 56871K [0x0000000080000000, 0x0000000100000000)
  region size 1024K, 41 young (41984K), 4 survivors (4096K)
 Metaspace       used 35175K, capacity 35973K, committed 36048K, reserved 1081344K
  class space    used 4517K, capacity 4838K, committed 4864K, reserved 1048576K
}
Event: 6.463 GC heap after
{Heap after GC invocations=8 (full 0):
 garbage-first heap   total 98304K, used 22817K [0x0000000080000000, 0x0000000100000000)
  region size 1024K, 6 young (6144K), 6 survivors (6144K)
 Metaspace       used 35175K, capacity 35973K, committed 36048K, reserved 1081344K
  class space    used 4517K, capacity 4838K, committed 4864K, reserved 1048576K
}
Event: 7.338 GC heap before
{Heap before GC invocations=9 (full 0):
 garbage-first heap   total 98304K, used 67873K [0x0000000080000000, 0x0000000100000000)
  region size 1024K, 48 young (49152K), 6 survivors (6144K)
 Metaspace       used 39128K, capacity 40061K, committed 40348K, reserved 1085440K
  class space    used 4933K, capacity 5258K, committed 5324K, reserved 1048576K
}
Event: 7.352 GC heap after
{Heap after GC invocations=10 (full 0):
 garbage-first heap   total 98304K, used 26573K [0x0000000080000000, 0x0000000100000000)
  region size 1024K, 6 young (6144K), 6 survivors (6144K)
 Metaspace       used 39128K, capacity 40061K, committed 40348K, reserved 1085440K
  class space    used 4933K, capacity 5258K, committed 5324K, reserved 1048576K
}
Event: 8.209 GC heap before
{Heap before GC invocations=10 (full 0):
 garbage-first heap   total 98304K, used 69581K [0x0000000080000000, 0x0000000100000000)
  region size 1024K, 48 young (49152K), 6 survivors (6144K)
 Metaspace       used 42054K, capacity 43040K, committed 43164K, reserved 1087488K
  class space    used 5354K, capacity 5729K, committed 5836K, reserved 1048576K
}
Event: 8.220 GC heap after
{Heap after GC invocations=11 (full 0):
 garbage-first heap   total 118784K, used 29329K [0x0000000080000000, 0x0000000100000000)
  region size 1024K, 6 young (6144K), 6 survivors (6144K)
 Metaspace       used 42054K, capacity 43040K, committed 43164K, reserved 1087488K
  class space    used 5354K, capacity 5729K, committed 5836K, reserved 1048576K
}
Event: 9.389 GC heap before
{Heap before GC invocations=11 (full 0):
 garbage-first heap   total 118784K, used 79505K [0x0000000080000000, 0x0000000100000000)
  region size 1024K, 55 young (56320K), 6 survivors (6144K)
 Metaspace       used 46320K, capacity 47441K, committed 47516K, reserved 1091584K
  class space    used 5878K, capacity 6301K, committed 6348K, reserved 1048576K
}
Event: 9.399 GC heap after
{Heap after GC invocations=12 (full 0):
 garbage-first heap   total 118784K, used 30985K [0x0000000080000000, 0x0000000100000000)
  region size 1024K, 5 young (5120K), 5 survivors (5120K)
 Metaspace       used 46320K, capacity 47441K, committed 47516K, reserved 1091584K
  class space    used 5878K, capacity 6301K, committed 6348K, reserved 1048576K
}
Event: 10.640 GC heap before
{Heap before GC invocations=12 (full 0):
 garbage-first heap   total 118784K, used 81161K [0x0000000080000000, 0x0000000100000000)
  region size 1024K, 55 young (56320K), 5 survivors (5120K)
 Metaspace       used 48645K, capacity 49983K, committed 50204K, reserved 1093632K
  class space    used 6144K, capacity 6634K, committed 6732K, reserved 1048576K
}
Event: 10.648 GC heap after
{Heap after GC invocations=13 (full 0):
 garbage-first heap   total 118784K, used 35066K [0x0000000080000000, 0x0000000100000000)
  region size 1024K, 6 young (6144K), 6 survivors (6144K)
 Metaspace       used 48645K, capacity 49983K, committed 50204K, reserved 1093632K
  class space    used 6144K, capacity 6634K, committed 6732K, reserved 1048576K
}
Event: 11.773 GC heap before
{Heap before GC invocations=13 (full 0):
 garbage-first heap   total 118784K, used 94458K [0x0000000080000000, 0x0000000100000000)
  region size 1024K, 55 young (56320K), 6 survivors (6144K)
 Metaspace       used 53127K, capacity 54574K, committed 54940K, reserved 1097728K
  class space    used 6706K, capacity 7234K, committed 7372K, reserved 1048576K
}
Event: 11.783 GC heap after
{Heap after GC invocations=14 (full 0):
 garbage-first heap   total 118784K, used 52220K [0x0000000080000000, 0x0000000100000000)
  region size 1024K, 7 young (7168K), 7 survivors (7168K)
 Metaspace       used 53127K, capacity 54574K, committed 54940K, reserved 1097728K
  class space    used 6706K, capacity 7234K, committed 7372K, reserved 1048576K
}
Event: 12.761 GC heap before
{Heap before GC invocations=14 (full 0):
 garbage-first heap   total 118784K, used 92156K [0x0000000080000000, 0x0000000100000000)
  region size 1024K, 46 young (47104K), 7 survivors (7168K)
 Metaspace       used 58989K, capacity 60478K, committed 60636K, reserved 1101824K
  class space    used 7447K, capacity 8005K, committed 8012K, reserved 1048576K
}
Event: 12.768 GC heap after
{Heap after GC invocations=15 (full 0):
 garbage-first heap   total 118784K, used 54438K [0x0000000080000000, 0x0000000100000000)
  region size 1024K, 2 young (2048K), 2 survivors (2048K)
 Metaspace       used 58989K, capacity 60478K, committed 60636K, reserved 1101824K
  class space    used 7447K, capacity 8005K, committed 8012K, reserved 1048576K
}
Event: 12.785 GC heap before
{Heap before GC invocations=15 (full 0):
 garbage-first heap   total 118784K, used 54438K [0x0000000080000000, 0x0000000100000000)
  region size 1024K, 3 young (3072K), 2 survivors (2048K)
 Metaspace       used 59072K, capacity 60542K, committed 60636K, reserved 1101824K
  class space    used 7459K, capacity 8005K, committed 8012K, reserved 1048576K
}
Event: 12.790 GC heap after
{Heap after GC invocations=16 (full 0):
 garbage-first heap   total 118784K, used 54358K [0x0000000080000000, 0x0000000100000000)
  region size 1024K, 2 young (2048K), 2 survivors (2048K)
 Metaspace       used 59072K, capacity 60542K, committed 60636K, reserved 1101824K
  class space    used 7459K, capacity 8005K, committed 8012K, reserved 1048576K
}
Event: 13.063 GC heap before
{Heap before GC invocations=17 (full 0):
 garbage-first heap   total 118784K, used 62550K [0x0000000080000000, 0x0000000100000000)
  region size 1024K, 11 young (11264K), 2 survivors (2048K)
 Metaspace       used 60691K, capacity 62284K, committed 62760K, reserved 1103872K
  class space    used 7626K, capacity 8222K, committed 8396K, reserved 1048576K
}
Event: 13.070 GC heap after
{Heap after GC invocations=18 (full 0):
 garbage-first heap   total 118784K, used 55824K [0x0000000080000000, 0x0000000100000000)
  region size 1024K, 4 young (4096K), 4 survivors (4096K)
 Metaspace       used 60691K, capacity 62284K, committed 62760K, reserved 1103872K
  class space    used 7626K, capacity 8222K, committed 8396K, reserved 1048576K
}
Event: 13.211 GC heap before
{Heap before GC invocations=19 (full 0):
 garbage-first heap   total 118784K, used 73232K [0x0000000080000000, 0x0000000100000000)
  region size 1024K, 18 young (18432K), 4 survivors (4096K)
 Metaspace       used 60697K, capacity 62290K, committed 62760K, reserved 1103872K
  class space    used 7626K, capacity 8223K, committed 8396K, reserved 1048576K
}
Event: 13.220 GC heap after
{Heap after GC invocations=20 (full 0):
 garbage-first heap   total 118784K, used 62348K [0x0000000080000000, 0x0000000100000000)
  region size 1024K, 4 young (4096K), 4 survivors (4096K)
 Metaspace       used 60697K, capacity 62290K, committed 62760K, reserved 1103872K
  class space    used 7626K, capacity 8223K, committed 8396K, reserved 1048576K
}

