# JRE version: OpenJDK Runtime Environment (11.0.13) (build 11.0.13+0-b1751.21-8125866)
# Java VM: OpenJDK 64-Bit Server VM (11.0.13+0-b1751.21-8125866, mixed mode, tiered, compressed oops, g1 gc, windows-amd64)
Heap:
 garbage-first heap   total 401408K, used 307829K [0x0000000080000000, 0x0000000100000000)
  region size 1024K, 134 young (137216K), 4 survivors (4096K)
 Metaspace       used 107257K, capacity 110183K, committed 110416K, reserved 1144832K
  class space    used 13788K, capacity 14913K, committed 14976K, reserved 1048576K
GC Heap History (20 events):
Event: 20.377 GC heap before
{Heap before GC invocations=33 (full 0):
 garbage-first heap   total 248832K, used 199101K [0x0000000080000000, 0x0000000100000000)
  region size 1024K, 58 young (59392K), 8 survivors (8192K)
 Metaspace       used 99425K, capacity 101847K, committed 102480K, reserved 1138688K
  class space    used 12840K, capacity 13769K, committed 13952K, reserved 1048576K
}
Event: 20.402 GC heap after
{Heap after GC invocations=34 (full 0):
 garbage-first heap   total 248832K, used 157457K [0x0000000080000000, 0x0000000100000000)
  region size 1024K, 8 young (8192K), 8 survivors (8192K)
 Metaspace       used 99425K, capacity 101847K, committed 102480K, reserved 1138688K
  class space    used 12840K, capacity 13769K, committed 13952K, reserved 1048576K
}
Event: 20.512 GC heap before
{Heap before GC invocations=35 (full 0):
 garbage-first heap   total 248832K, used 202513K [0x0000000080000000, 0x0000000100000000)
  region size 1024K, 53 young (54272K), 8 survivors (8192K)
 Metaspace       used 99944K, capacity 102445K, committed 102864K, reserved 1138688K
  class space    used 12932K, capacity 13886K, committed 14080K, reserved 1048576K
}
Event: 20.535 GC heap after
{Heap after GC invocations=36 (full 0):
 garbage-first heap   total 333824K, used 165782K [0x0000000080000000, 0x0000000100000000)
  region size 1024K, 7 young (7168K), 7 survivors (7168K)
 Metaspace       used 99944K, capacity 102445K, committed 102864K, reserved 1138688K
  class space    used 12932K, capacity 13886K, committed 14080K, reserved 1048576K
}
Event: 21.119 GC heap before
{Heap before GC invocations=36 (full 0):
 garbage-first heap   total 333824K, used 236438K [0x0000000080000000, 0x0000000100000000)
  region size 1024K, 76 young (77824K), 7 survivors (7168K)
 Metaspace       used 103484K, capacity 106286K, committed 106448K, reserved 1140736K
  class space    used 13498K, capacity 14566K, committed 14592K, reserved 1048576K
}
Event: 21.137 GC heap after
{Heap after GC invocations=37 (full 0):
 garbage-first heap   total 333824K, used 171981K [0x0000000080000000, 0x0000000100000000)
  region size 1024K, 6 young (6144K), 6 survivors (6144K)
 Metaspace       used 103484K, capacity 106286K, committed 106448K, reserved 1140736K
  class space    used 13498K, capacity 14566K, committed 14592K, reserved 1048576K
}
Event: 21.850 GC heap before
{Heap before GC invocations=38 (full 0):
 garbage-first heap   total 333824K, used 243661K [0x0000000080000000, 0x0000000100000000)
  region size 1024K, 76 young (77824K), 6 survivors (6144K)
 Metaspace       used 104203K, capacity 106844K, committed 107344K, reserved 1142784K
  class space    used 13500K, capacity 14515K, committed 14720K, reserved 1048576K
}
Event: 21.862 GC heap after
{Heap after GC invocations=39 (full 0):
 garbage-first heap   total 333824K, used 172761K [0x0000000080000000, 0x0000000100000000)
  region size 1024K, 1 young (1024K), 1 survivors (1024K)
 Metaspace       used 104203K, capacity 106844K, committed 107344K, reserved 1142784K
  class space    used 13500K, capacity 14515K, committed 14720K, reserved 1048576K
}
Event: 22.276 GC heap before
{Heap before GC invocations=39 (full 0):
 garbage-first heap   total 333824K, used 247513K [0x0000000080000000, 0x0000000100000000)
  region size 1024K, 75 young (76800K), 1 survivors (1024K)
 Metaspace       used 104498K, capacity 107160K, committed 107600K, reserved 1142784K
  class space    used 13529K, capacity 14556K, committed 14720K, reserved 1048576K
}
Event: 22.284 GC heap after
{Heap after GC invocations=40 (full 0):
 garbage-first heap   total 333824K, used 173269K [0x0000000080000000, 0x0000000100000000)
  region size 1024K, 2 young (2048K), 2 survivors (2048K)
 Metaspace       used 104498K, capacity 107160K, committed 107600K, reserved 1142784K
  class space    used 13529K, capacity 14556K, committed 14720K, reserved 1048576K
}
Event: 22.957 GC heap before
{Heap before GC invocations=41 (full 0):
 garbage-first heap   total 333824K, used 253141K [0x0000000080000000, 0x0000000100000000)
  region size 1024K, 80 young (81920K), 2 survivors (2048K)
 Metaspace       used 104459K, capacity 107013K, committed 107600K, reserved 1142784K
  class space    used 13489K, capacity 14475K, committed 14720K, reserved 1048576K
}
Event: 22.962 GC heap after
{Heap after GC invocations=42 (full 0):
 garbage-first heap   total 333824K, used 173205K [0x0000000080000000, 0x0000000100000000)
  region size 1024K, 2 young (2048K), 2 survivors (2048K)
 Metaspace       used 104459K, capacity 107013K, committed 107600K, reserved 1142784K
  class space    used 13489K, capacity 14475K, committed 14720K, reserved 1048576K
}
Event: 23.280 GC heap before
{Heap before GC invocations=42 (full 0):
 garbage-first heap   total 333824K, used 264341K [0x0000000080000000, 0x0000000100000000)
  region size 1024K, 91 young (93184K), 2 survivors (2048K)
 Metaspace       used 104558K, capacity 107102K, committed 107856K, reserved 1142784K
  class space    used 13493K, capacity 14482K, committed 14720K, reserved 1048576K
}
Event: 23.290 GC heap after
{Heap after GC invocations=43 (full 0):
 garbage-first heap   total 333824K, used 173933K [0x0000000080000000, 0x0000000100000000)
  region size 1024K, 2 young (2048K), 2 survivors (2048K)
 Metaspace       used 104558K, capacity 107102K, committed 107856K, reserved 1142784K
  class space    used 13493K, capacity 14482K, committed 14720K, reserved 1048576K
}
Event: 23.896 GC heap before
{Heap before GC invocations=44 (full 0):
 garbage-first heap   total 333824K, used 270189K [0x0000000080000000, 0x0000000100000000)
  region size 1024K, 96 young (98304K), 2 survivors (2048K)
 Metaspace       used 105312K, capacity 107929K, committed 108368K, reserved 1142784K
  class space    used 13561K, capacity 14582K, committed 14720K, reserved 1048576K
}
Event: 23.907 GC heap after
{Heap after GC invocations=45 (full 0):
 garbage-first heap   total 401408K, used 174140K [0x0000000080000000, 0x0000000100000000)
  region size 1024K, 3 young (3072K), 3 survivors (3072K)
 Metaspace       used 105312K, capacity 107929K, committed 108368K, reserved 1142784K
  class space    used 13561K, capacity 14582K, committed 14720K, reserved 1048576K
}
Event: 24.391 GC heap before
{Heap before GC invocations=45 (full 0):
 garbage-first heap   total 401408K, used 290876K [0x0000000080000000, 0x0000000100000000)
  region size 1024K, 117 young (119808K), 3 survivors (3072K)
 Metaspace       used 106546K, capacity 109306K, committed 109520K, reserved 1144832K
  class space    used 13710K, capacity 14777K, committed 14848K, reserved 1048576K
}
Event: 24.398 GC heap after
{Heap after GC invocations=46 (full 0):
 garbage-first heap   total 401408K, used 175532K [0x0000000080000000, 0x0000000100000000)
  region size 1024K, 4 young (4096K), 4 survivors (4096K)
 Metaspace       used 106546K, capacity 109306K, committed 109520K, reserved 1144832K
  class space    used 13710K, capacity 14777K, committed 14848K, reserved 1048576K
}
Event: 24.839 GC heap before
{Heap before GC invocations=46 (full 0):
 garbage-first heap   total 401408K, used 336300K [0x0000000080000000, 0x0000000100000000)
  region size 1024K, 161 young (164864K), 4 survivors (4096K)
 Metaspace       used 107156K, capacity 110045K, committed 110160K, reserved 1144832K
  class space    used 13787K, capacity 14911K, committed 14976K, reserved 1048576K
}
Event: 24.850 GC heap after
{Heap after GC invocations=47 (full 0):
 garbage-first heap   total 401408K, used 175733K [0x0000000080000000, 0x0000000100000000)
  region size 1024K, 4 young (4096K), 4 survivors (4096K)
 Metaspace       used 107156K, capacity 110045K, committed 110160K, reserved 1144832K
  class space    used 13787K, capacity 14911K, committed 14976K, reserved 1048576K
}

