# JRE version: OpenJDK Runtime Environment (11.0.13) (build 11.0.13+0-b1751.21-8125866)
# Java VM: OpenJDK 64-Bit Server VM (11.0.13+0-b1751.21-8125866, mixed mode, tiered, compressed oops, g1 gc, windows-amd64)
Heap:
 garbage-first heap   total 118784K, used 77591K [0x0000000080000000, 0x0000000100000000)
  region size 1024K, 2 young (2048K), 2 survivors (2048K)
 Metaspace       used 48323K, capacity 49635K, committed 49840K, reserved 1093632K
  class space    used 6125K, capacity 6609K, committed 6656K, reserved 1048576K
GC Heap History (20 events):
Event: 15.147 GC heap after
{Heap after GC invocations=11 (full 0):
 garbage-first heap   total 98304K, used 50393K [0x0000000080000000, 0x0000000100000000)
  region size 1024K, 3 young (3072K), 3 survivors (3072K)
 Metaspace       used 39705K, capacity 40768K, committed 41008K, reserved 1085440K
  class space    used 5089K, capacity 5499K, committed 5504K, reserved 1048576K
}
Event: 16.231 GC heap before
{Heap before GC invocations=12 (full 0):
 garbage-first heap   total 98304K, used 78041K [0x0000000080000000, 0x0000000100000000)
  region size 1024K, 27 young (27648K), 3 survivors (3072K)
 Metaspace       used 42614K, capacity 43680K, committed 43952K, reserved 1087488K
  class space    used 5413K, capacity 5808K, committed 5888K, reserved 1048576K
}
Event: 16.237 GC heap after
{Heap after GC invocations=13 (full 0):
 garbage-first heap   total 98304K, used 51054K [0x0000000080000000, 0x0000000100000000)
  region size 1024K, 3 young (3072K), 3 survivors (3072K)
 Metaspace       used 42614K, capacity 43680K, committed 43952K, reserved 1087488K
  class space    used 5413K, capacity 5808K, committed 5888K, reserved 1048576K
}
Event: 16.996 GC heap before
{Heap before GC invocations=13 (full 0):
 garbage-first heap   total 98304K, used 69486K [0x0000000080000000, 0x0000000100000000)
  region size 1024K, 23 young (23552K), 3 survivors (3072K)
 Metaspace       used 43987K, capacity 45089K, committed 45360K, reserved 1089536K
  class space    used 5606K, capacity 5995K, committed 6016K, reserved 1048576K
}
Event: 17.005 GC heap after
{Heap after GC invocations=14 (full 0):
 garbage-first heap   total 98304K, used 52837K [0x0000000080000000, 0x0000000100000000)
  region size 1024K, 4 young (4096K), 4 survivors (4096K)
 Metaspace       used 43987K, capacity 45089K, committed 45360K, reserved 1089536K
  class space    used 5606K, capacity 5995K, committed 6016K, reserved 1048576K
}
Event: 17.734 GC heap before
{Heap before GC invocations=15 (full 0):
 garbage-first heap   total 98304K, used 87653K [0x0000000080000000, 0x0000000100000000)
  region size 1024K, 27 young (27648K), 4 survivors (4096K)
 Metaspace       used 45196K, capacity 46386K, committed 46640K, reserved 1089536K
  class space    used 5749K, capacity 6190K, committed 6272K, reserved 1048576K
}
Event: 17.744 GC heap after
{Heap after GC invocations=16 (full 0):
 garbage-first heap   total 98304K, used 68608K [0x0000000080000000, 0x0000000100000000)
  region size 1024K, 4 young (4096K), 4 survivors (4096K)
 Metaspace       used 45196K, capacity 46386K, committed 46640K, reserved 1089536K
  class space    used 5749K, capacity 6190K, committed 6272K, reserved 1048576K
}
Event: 17.747 GC heap before
{Heap before GC invocations=16 (full 0):
 garbage-first heap   total 98304K, used 68608K [0x0000000080000000, 0x0000000100000000)
  region size 1024K, 5 young (5120K), 4 survivors (4096K)
 Metaspace       used 45196K, capacity 46386K, committed 46640K, reserved 1089536K
  class space    used 5749K, capacity 6190K, committed 6272K, reserved 1048576K
}
Event: 17.755 GC heap after
{Heap after GC invocations=17 (full 0):
 garbage-first heap   total 98304K, used 69034K [0x0000000080000000, 0x0000000100000000)
  region size 1024K, 1 young (1024K), 1 survivors (1024K)
 Metaspace       used 45196K, capacity 46386K, committed 46640K, reserved 1089536K
  class space    used 5749K, capacity 6190K, committed 6272K, reserved 1048576K
}
Event: 18.008 GC heap before
{Heap before GC invocations=18 (full 0):
 garbage-first heap   total 98304K, used 77226K [0x0000000080000000, 0x0000000100000000)
  region size 1024K, 9 young (9216K), 1 survivors (1024K)
 Metaspace       used 46267K, capacity 47410K, committed 47664K, reserved 1091584K
  class space    used 5793K, capacity 6232K, committed 6272K, reserved 1048576K
}
Event: 18.012 GC heap after
{Heap after GC invocations=19 (full 0):
 garbage-first heap   total 98304K, used 69218K [0x0000000080000000, 0x0000000100000000)
  region size 1024K, 1 young (1024K), 1 survivors (1024K)
 Metaspace       used 46267K, capacity 47410K, committed 47664K, reserved 1091584K
  class space    used 5793K, capacity 6232K, committed 6272K, reserved 1048576K
}
Event: 18.156 GC heap before
{Heap before GC invocations=19 (full 0):
 garbage-first heap   total 98304K, used 78434K [0x0000000080000000, 0x0000000100000000)
  region size 1024K, 10 young (10240K), 1 survivors (1024K)
 Metaspace       used 46418K, capacity 47542K, committed 47664K, reserved 1091584K
  class space    used 5823K, capacity 6232K, committed 6272K, reserved 1048576K
}
Event: 18.164 GC heap after
{Heap after GC invocations=20 (full 0):
 garbage-first heap   total 98304K, used 69755K [0x0000000080000000, 0x0000000100000000)
  region size 1024K, 2 young (2048K), 2 survivors (2048K)
 Metaspace       used 46418K, capacity 47542K, committed 47664K, reserved 1091584K
  class space    used 5823K, capacity 6232K, committed 6272K, reserved 1048576K
}
Event: 18.450 GC heap before
{Heap before GC invocations=21 (full 0):
 garbage-first heap   total 98304K, used 78971K [0x0000000080000000, 0x0000000100000000)
  region size 1024K, 11 young (11264K), 2 survivors (2048K)
 Metaspace       used 46835K, capacity 48026K, committed 48304K, reserved 1091584K
  class space    used 5888K, capacity 6350K, committed 6400K, reserved 1048576K
}
Event: 18.456 GC heap after
{Heap after GC invocations=22 (full 0):
 garbage-first heap   total 98304K, used 70504K [0x0000000080000000, 0x0000000100000000)
  region size 1024K, 2 young (2048K), 2 survivors (2048K)
 Metaspace       used 46835K, capacity 48026K, committed 48304K, reserved 1091584K
  class space    used 5888K, capacity 6350K, committed 6400K, reserved 1048576K
}
Event: 18.723 GC heap before
{Heap before GC invocations=22 (full 0):
 garbage-first heap   total 98304K, used 79720K [0x0000000080000000, 0x0000000100000000)
  region size 1024K, 11 young (11264K), 2 survivors (2048K)
 Metaspace       used 47493K, capacity 48790K, committed 48944K, reserved 1091584K
  class space    used 5996K, capacity 6456K, committed 6528K, reserved 1048576K
}
Event: 18.729 GC heap after
{Heap after GC invocations=23 (full 0):
 garbage-first heap   total 98304K, used 70968K [0x0000000080000000, 0x0000000100000000)
  region size 1024K, 2 young (2048K), 2 survivors (2048K)
 Metaspace       used 47493K, capacity 48790K, committed 48944K, reserved 1091584K
  class space    used 5996K, capacity 6456K, committed 6528K, reserved 1048576K
}
Event: 18.851 GC heap before
{Heap before GC invocations=24 (full 0):
 garbage-first heap   total 98304K, used 73016K [0x0000000080000000, 0x0000000100000000)
  region size 1024K, 5 young (5120K), 2 survivors (2048K)
 Metaspace       used 47737K, capacity 49130K, committed 49200K, reserved 1091584K
  class space    used 6038K, capacity 6527K, committed 6528K, reserved 1048576K
}
Event: 18.857 GC heap after
{Heap after GC invocations=25 (full 0):
 garbage-first heap   total 98304K, used 71150K [0x0000000080000000, 0x0000000100000000)
  region size 1024K, 1 young (1024K), 1 survivors (1024K)
 Metaspace       used 47737K, capacity 49130K, committed 49200K, reserved 1091584K
  class space    used 6038K, capacity 6527K, committed 6528K, reserved 1048576K
}
Event: 19.216 GC heap before
{Heap before GC invocations=26 (full 0):
 garbage-first heap   total 98304K, used 85486K [0x0000000080000000, 0x0000000100000000)
  region size 1024K, 11 young (11264K), 1 survivors (1024K)
 Metaspace       used 48323K, capacity 49635K, committed 49840K, reserved 1093632K
  class space    used 6125K, capacity 6609K, committed 6656K, reserved 1048576K
}

