# JRE version: OpenJDK Runtime Environment (11.0.13) (build 11.0.13+0-b1751.21-8125866)
# Java VM: OpenJDK 64-Bit Server VM (11.0.13+0-b1751.21-8125866, mixed mode, tiered, compressed oops, g1 gc, windows-amd64)
Heap:
 garbage-first heap   total 644096K, used 214247K [0x0000000080000000, 0x0000000100000000)
  region size 1024K, 20 young (20480K), 20 survivors (20480K)
 Metaspace       used 109256K, capacity 112203K, committed 112848K, reserved 1146880K
  class space    used 13956K, capacity 15112K, committed 15616K, reserved 1048576K
GC Heap History (20 events):
Event: 27.653 GC heap after
{Heap after GC invocations=56 (full 0):
 garbage-first heap   total 464896K, used 191364K [0x0000000080000000, 0x0000000100000000)
  region size 1024K, 12 young (12288K), 12 survivors (12288K)
 Metaspace       used 108631K, capacity 111588K, committed 112592K, reserved 1146880K
  class space    used 13941K, capacity 15092K, committed 15616K, reserved 1048576K
}
Event: 28.039 GC heap before
{Heap before GC invocations=56 (full 0):
 garbage-first heap   total 464896K, used 399236K [0x0000000080000000, 0x0000000100000000)
  region size 1024K, 215 young (220160K), 12 survivors (12288K)
 Metaspace       used 108804K, capacity 111692K, committed 112592K, reserved 1146880K
  class space    used 13946K, capacity 15100K, committed 15616K, reserved 1048576K
}
Event: 28.057 GC heap after
{Heap after GC invocations=57 (full 0):
 garbage-first heap   total 464896K, used 193218K [0x0000000080000000, 0x0000000100000000)
  region size 1024K, 14 young (14336K), 14 survivors (14336K)
 Metaspace       used 108804K, capacity 111692K, committed 112592K, reserved 1146880K
  class space    used 13946K, capacity 15100K, committed 15616K, reserved 1048576K
}
Event: 28.366 GC heap before
{Heap before GC invocations=57 (full 0):
 garbage-first heap   total 464896K, used 400066K [0x0000000080000000, 0x0000000100000000)
  region size 1024K, 216 young (221184K), 14 survivors (14336K)
 Metaspace       used 108867K, capacity 111777K, committed 112592K, reserved 1146880K
  class space    used 13948K, capacity 15103K, committed 15616K, reserved 1048576K
}
Event: 28.380 GC heap after
{Heap after GC invocations=58 (full 0):
 garbage-first heap   total 464896K, used 191946K [0x0000000080000000, 0x0000000100000000)
  region size 1024K, 13 young (13312K), 13 survivors (13312K)
 Metaspace       used 108867K, capacity 111777K, committed 112592K, reserved 1146880K
  class space    used 13948K, capacity 15103K, committed 15616K, reserved 1048576K
}
Event: 28.812 GC heap before
{Heap before GC invocations=58 (full 0):
 garbage-first heap   total 464896K, used 401866K [0x0000000080000000, 0x0000000100000000)
  region size 1024K, 218 young (223232K), 13 survivors (13312K)
 Metaspace       used 109014K, capacity 111942K, committed 112848K, reserved 1146880K
  class space    used 13948K, capacity 15104K, committed 15616K, reserved 1048576K
}
Event: 28.827 GC heap after
{Heap after GC invocations=59 (full 0):
 garbage-first heap   total 464896K, used 190905K [0x0000000080000000, 0x0000000100000000)
  region size 1024K, 12 young (12288K), 12 survivors (12288K)
 Metaspace       used 109014K, capacity 111942K, committed 112848K, reserved 1146880K
  class space    used 13948K, capacity 15104K, committed 15616K, reserved 1048576K
}
Event: 29.252 GC heap before
{Heap before GC invocations=59 (full 0):
 garbage-first heap   total 464896K, used 404921K [0x0000000080000000, 0x0000000100000000)
  region size 1024K, 222 young (227328K), 12 survivors (12288K)
 Metaspace       used 109108K, capacity 112101K, committed 112848K, reserved 1146880K
  class space    used 13949K, capacity 15106K, committed 15616K, reserved 1048576K
}
Event: 29.269 GC heap after
{Heap after GC invocations=60 (full 0):
 garbage-first heap   total 464896K, used 191638K [0x0000000080000000, 0x0000000100000000)
  region size 1024K, 12 young (12288K), 12 survivors (12288K)
 Metaspace       used 109108K, capacity 112101K, committed 112848K, reserved 1146880K
  class space    used 13949K, capacity 15106K, committed 15616K, reserved 1048576K
}
Event: 29.609 GC heap before
{Heap before GC invocations=60 (full 0):
 garbage-first heap   total 464896K, used 403606K [0x0000000080000000, 0x0000000100000000)
  region size 1024K, 220 young (225280K), 12 survivors (12288K)
 Metaspace       used 109152K, capacity 112112K, committed 112848K, reserved 1146880K
  class space    used 13950K, capacity 15108K, committed 15616K, reserved 1048576K
}
Event: 29.633 GC heap after
{Heap after GC invocations=61 (full 0):
 garbage-first heap   total 464896K, used 199850K [0x0000000080000000, 0x0000000100000000)
  region size 1024K, 20 young (20480K), 20 survivors (20480K)
 Metaspace       used 109152K, capacity 112112K, committed 112848K, reserved 1146880K
  class space    used 13950K, capacity 15108K, committed 15616K, reserved 1048576K
}
Event: 30.180 GC heap before
{Heap before GC invocations=61 (full 0):
 garbage-first heap   total 464896K, used 395434K [0x0000000080000000, 0x0000000100000000)
  region size 1024K, 212 young (217088K), 20 survivors (20480K)
 Metaspace       used 109185K, capacity 112189K, committed 112848K, reserved 1146880K
  class space    used 13955K, capacity 15110K, committed 15616K, reserved 1048576K
}
Event: 30.240 GC heap after
{Heap after GC invocations=62 (full 0):
 garbage-first heap   total 464896K, used 197980K [0x0000000080000000, 0x0000000100000000)
  region size 1024K, 14 young (14336K), 14 survivors (14336K)
 Metaspace       used 109185K, capacity 112189K, committed 112848K, reserved 1146880K
  class space    used 13955K, capacity 15110K, committed 15616K, reserved 1048576K
}
Event: 30.751 GC heap before
{Heap before GC invocations=62 (full 0):
 garbage-first heap   total 464896K, used 399708K [0x0000000080000000, 0x0000000100000000)
  region size 1024K, 211 young (216064K), 14 survivors (14336K)
 Metaspace       used 109203K, capacity 112200K, committed 112848K, reserved 1146880K
  class space    used 13956K, capacity 15112K, committed 15616K, reserved 1048576K
}
Event: 30.765 GC heap after
{Heap after GC invocations=63 (full 0):
 garbage-first heap   total 464896K, used 198861K [0x0000000080000000, 0x0000000100000000)
  region size 1024K, 15 young (15360K), 15 survivors (15360K)
 Metaspace       used 109203K, capacity 112200K, committed 112848K, reserved 1146880K
  class space    used 13956K, capacity 15112K, committed 15616K, reserved 1048576K
}
Event: 31.134 GC heap before
{Heap before GC invocations=63 (full 0):
 garbage-first heap   total 464896K, used 400589K [0x0000000080000000, 0x0000000100000000)
  region size 1024K, 213 young (218112K), 15 survivors (15360K)
 Metaspace       used 109228K, capacity 112202K, committed 112848K, reserved 1146880K
  class space    used 13956K, capacity 15112K, committed 15616K, reserved 1048576K
}
Event: 31.155 GC heap after
{Heap after GC invocations=64 (full 0):
 garbage-first heap   total 464896K, used 203477K [0x0000000080000000, 0x0000000100000000)
  region size 1024K, 19 young (19456K), 19 survivors (19456K)
 Metaspace       used 109228K, capacity 112202K, committed 112848K, reserved 1146880K
  class space    used 13956K, capacity 15112K, committed 15616K, reserved 1048576K
}
Event: 31.463 GC heap before
{Heap before GC invocations=64 (full 0):
 garbage-first heap   total 464896K, used 398037K [0x0000000080000000, 0x0000000100000000)
  region size 1024K, 209 young (214016K), 19 survivors (19456K)
 Metaspace       used 109236K, capacity 112203K, committed 112848K, reserved 1146880K
  class space    used 13956K, capacity 15112K, committed 15616K, reserved 1048576K
}
Event: 31.492 GC heap after
{Heap after GC invocations=65 (full 0):
 garbage-first heap   total 464896K, used 206627K [0x0000000080000000, 0x0000000100000000)
  region size 1024K, 16 young (16384K), 16 survivors (16384K)
 Metaspace       used 109236K, capacity 112203K, committed 112848K, reserved 1146880K
  class space    used 13956K, capacity 15112K, committed 15616K, reserved 1048576K
}
Event: 31.802 GC heap before
{Heap before GC invocations=65 (full 0):
 garbage-first heap   total 464896K, used 400163K [0x0000000080000000, 0x0000000100000000)
  region size 1024K, 204 young (208896K), 16 survivors (16384K)
 Metaspace       used 109256K, capacity 112203K, committed 112848K, reserved 1146880K
  class space    used 13956K, capacity 15112K, committed 15616K, reserved 1048576K
}

