# JRE version: OpenJDK Runtime Environment (11.0.13) (build 11.0.13+0-b1751.21-8125866)
# Java VM: OpenJDK 64-Bit Server VM (11.0.13+0-b1751.21-8125866, mixed mode, tiered, compressed oops, g1 gc, windows-amd64)
Heap:
 garbage-first heap   total 629760K, used 230810K [0x0000000080000000, 0x0000000100000000)
  region size 1024K, 5 young (5120K), 5 survivors (5120K)
 Metaspace       used 121471K, capacity 124979K, committed 125184K, reserved 1157120K
  class space    used 15539K, capacity 16805K, committed 16896K, reserved 1048576K
GC Heap History (20 events):
Event: 64.114 GC heap after
{Heap after GC invocations=79 (full 0):
 garbage-first heap   total 248832K, used 193628K [0x0000000080000000, 0x0000000100000000)
  region size 1024K, 4 young (4096K), 4 survivors (4096K)
 Metaspace       used 114826K, capacity 117930K, committed 118144K, reserved 1150976K
  class space    used 14594K, capacity 15674K, committed 15744K, reserved 1048576K
}
Event: 64.163 GC heap before
{Heap before GC invocations=79 (full 0):
 garbage-first heap   total 248832K, used 212060K [0x0000000080000000, 0x0000000100000000)
  region size 1024K, 23 young (23552K), 4 survivors (4096K)
 Metaspace       used 114997K, capacity 118090K, committed 118144K, reserved 1150976K
  class space    used 14616K, capacity 15706K, committed 15744K, reserved 1048576K
}
Event: 64.169 GC heap after
{Heap after GC invocations=80 (full 0):
 garbage-first heap   total 248832K, used 196933K [0x0000000080000000, 0x0000000100000000)
  region size 1024K, 3 young (3072K), 3 survivors (3072K)
 Metaspace       used 114997K, capacity 118090K, committed 118144K, reserved 1150976K
  class space    used 14616K, capacity 15706K, committed 15744K, reserved 1048576K
}
Event: 64.228 GC heap before
{Heap before GC invocations=80 (full 0):
 garbage-first heap   total 248832K, used 212293K [0x0000000080000000, 0x0000000100000000)
  region size 1024K, 19 young (19456K), 3 survivors (3072K)
 Metaspace       used 115173K, capacity 118331K, committed 118528K, reserved 1153024K
  class space    used 14647K, capacity 15745K, committed 15872K, reserved 1048576K
}
Event: 64.233 GC heap after
{Heap after GC invocations=81 (full 0):
 garbage-first heap   total 248832K, used 198813K [0x0000000080000000, 0x0000000100000000)
  region size 1024K, 3 young (3072K), 3 survivors (3072K)
 Metaspace       used 115173K, capacity 118331K, committed 118528K, reserved 1153024K
  class space    used 14647K, capacity 15745K, committed 15872K, reserved 1048576K
}
Event: 64.772 GC heap before
{Heap before GC invocations=82 (full 0):
 garbage-first heap   total 248832K, used 213149K [0x0000000080000000, 0x0000000100000000)
  region size 1024K, 18 young (18432K), 3 survivors (3072K)
 Metaspace       used 117611K, capacity 120987K, committed 121216K, reserved 1155072K
  class space    used 15001K, capacity 16158K, committed 16256K, reserved 1048576K
}
Event: 64.780 GC heap after
{Heap after GC invocations=83 (full 0):
 garbage-first heap   total 248832K, used 199056K [0x0000000080000000, 0x0000000100000000)
  region size 1024K, 2 young (2048K), 2 survivors (2048K)
 Metaspace       used 117611K, capacity 120987K, committed 121216K, reserved 1155072K
  class space    used 15001K, capacity 16158K, committed 16256K, reserved 1048576K
}
Event: 64.855 GC heap before
{Heap before GC invocations=83 (full 0):
 garbage-first heap   total 248832K, used 208272K [0x0000000080000000, 0x0000000100000000)
  region size 1024K, 12 young (12288K), 2 survivors (2048K)
 Metaspace       used 117965K, capacity 121298K, committed 121472K, reserved 1155072K
  class space    used 15044K, capacity 16197K, committed 16256K, reserved 1048576K
}
Event: 64.865 GC heap after
{Heap after GC invocations=84 (full 0):
 garbage-first heap   total 248832K, used 199528K [0x0000000080000000, 0x0000000100000000)
  region size 1024K, 2 young (2048K), 2 survivors (2048K)
 Metaspace       used 117965K, capacity 121298K, committed 121472K, reserved 1155072K
  class space    used 15044K, capacity 16197K, committed 16256K, reserved 1048576K
}
Event: 64.943 GC heap before
{Heap before GC invocations=84 (full 0):
 garbage-first heap   total 248832K, used 213864K [0x0000000080000000, 0x0000000100000000)
  region size 1024K, 17 young (17408K), 2 survivors (2048K)
 Metaspace       used 118308K, capacity 121619K, committed 121728K, reserved 1155072K
  class space    used 15090K, capacity 16240K, committed 16256K, reserved 1048576K
}
Event: 64.955 GC heap after
{Heap after GC invocations=85 (full 0):
 garbage-first heap   total 248832K, used 202719K [0x0000000080000000, 0x0000000100000000)
  region size 1024K, 3 young (3072K), 3 survivors (3072K)
 Metaspace       used 118308K, capacity 121619K, committed 121728K, reserved 1155072K
  class space    used 15090K, capacity 16240K, committed 16256K, reserved 1048576K
}
Event: 65.066 GC heap before
{Heap before GC invocations=85 (full 0):
 garbage-first heap   total 248832K, used 216031K [0x0000000080000000, 0x0000000100000000)
  region size 1024K, 16 young (16384K), 3 survivors (3072K)
 Metaspace       used 118631K, capacity 121994K, committed 122112K, reserved 1155072K
  class space    used 15143K, capacity 16323K, committed 16384K, reserved 1048576K
}
Event: 65.105 GC heap after
{Heap after GC invocations=86 (full 0):
 garbage-first heap   total 311296K, used 205400K [0x0000000080000000, 0x0000000100000000)
  region size 1024K, 2 young (2048K), 2 survivors (2048K)
 Metaspace       used 118631K, capacity 121994K, committed 122112K, reserved 1155072K
  class space    used 15143K, capacity 16323K, committed 16384K, reserved 1048576K
}
Event: 65.422 GC heap before
{Heap before GC invocations=86 (full 0):
 garbage-first heap   total 311296K, used 238168K [0x0000000080000000, 0x0000000100000000)
  region size 1024K, 35 young (35840K), 2 survivors (2048K)
 Metaspace       used 119533K, capacity 122903K, committed 123008K, reserved 1155072K
  class space    used 15262K, capacity 16434K, committed 16512K, reserved 1048576K
}
Event: 65.444 GC heap after
{Heap after GC invocations=87 (full 0):
 garbage-first heap   total 311296K, used 212032K [0x0000000080000000, 0x0000000100000000)
  region size 1024K, 5 young (5120K), 5 survivors (5120K)
 Metaspace       used 119533K, capacity 122903K, committed 123008K, reserved 1155072K
  class space    used 15262K, capacity 16434K, committed 16512K, reserved 1048576K
}
Event: 65.652 GC heap before
{Heap before GC invocations=87 (full 0):
 garbage-first heap   total 311296K, used 244800K [0x0000000080000000, 0x0000000100000000)
  region size 1024K, 37 young (37888K), 5 survivors (5120K)
 Metaspace       used 120578K, capacity 124036K, committed 124288K, reserved 1157120K
  class space    used 15407K, capacity 16659K, committed 16768K, reserved 1048576K
}
Event: 65.675 GC heap after
{Heap after GC invocations=88 (full 0):
 garbage-first heap   total 311296K, used 218734K [0x0000000080000000, 0x0000000100000000)
  region size 1024K, 5 young (5120K), 5 survivors (5120K)
 Metaspace       used 120578K, capacity 124036K, committed 124288K, reserved 1157120K
  class space    used 15407K, capacity 16659K, committed 16768K, reserved 1048576K
}
Event: 65.785 GC heap before
{Heap before GC invocations=88 (full 0):
 garbage-first heap   total 311296K, used 250478K [0x0000000080000000, 0x0000000100000000)
  region size 1024K, 36 young (36864K), 5 survivors (5120K)
 Metaspace       used 121065K, capacity 124563K, committed 124800K, reserved 1157120K
  class space    used 15481K, capacity 16755K, committed 16768K, reserved 1048576K
}
Event: 65.802 GC heap after
{Heap after GC invocations=89 (full 0):
 garbage-first heap   total 311296K, used 224802K [0x0000000080000000, 0x0000000100000000)
  region size 1024K, 5 young (5120K), 5 survivors (5120K)
 Metaspace       used 121065K, capacity 124563K, committed 124800K, reserved 1157120K
  class space    used 15481K, capacity 16755K, committed 16768K, reserved 1048576K
}
Event: 65.868 GC heap before
{Heap before GC invocations=89 (full 0):
 garbage-first heap   total 311296K, used 255522K [0x0000000080000000, 0x0000000100000000)
  region size 1024K, 35 young (35840K), 5 survivors (5120K)
 Metaspace       used 121471K, capacity 124979K, committed 125184K, reserved 1157120K
  class space    used 15539K, capacity 16805K, committed 16896K, reserved 1048576K
}

