# JRE version: OpenJDK Runtime Environment (11.0.13) (build 11.0.13+0-b1751.21-8125866)
# Java VM: OpenJDK 64-Bit Server VM (11.0.13+0-b1751.21-8125866, mixed mode, tiered, compressed oops, g1 gc, windows-amd64)
Heap:
 garbage-first heap   total 299008K, used 155099K [0x0000000080000000, 0x0000000100000000)
  region size 1024K, 7 young (7168K), 7 survivors (7168K)
 Metaspace       used 125118K, capacity 129682K, committed 129872K, reserved 1161216K
  class space    used 16362K, capacity 18218K, committed 18304K, reserved 1048576K
GC Heap History (20 events):
Event: 32.915 GC heap after
{Heap after GC invocations=51 (full 0):
 garbage-first heap   total 248832K, used 136192K [0x0000000080000000, 0x0000000100000000)
  region size 1024K, 8 young (8192K), 8 survivors (8192K)
 Metaspace       used 107020K, capacity 109650K, committed 109904K, reserved 1144832K
  class space    used 13487K, capacity 14420K, committed 14464K, reserved 1048576K
}
Event: 33.863 GC heap before
{Heap before GC invocations=51 (full 0):
 garbage-first heap   total 248832K, used 188416K [0x0000000080000000, 0x0000000100000000)
  region size 1024K, 60 young (61440K), 8 survivors (8192K)
 Metaspace       used 107815K, capacity 110486K, committed 110800K, reserved 1144832K
  class space    used 13519K, capacity 14503K, committed 14592K, reserved 1048576K
}
Event: 33.881 GC heap after
{Heap after GC invocations=52 (full 0):
 garbage-first heap   total 248832K, used 137773K [0x0000000080000000, 0x0000000100000000)
  region size 1024K, 3 young (3072K), 3 survivors (3072K)
 Metaspace       used 107815K, capacity 110486K, committed 110800K, reserved 1144832K
  class space    used 13519K, capacity 14503K, committed 14592K, reserved 1048576K
}
Event: 35.025 GC heap before
{Heap before GC invocations=53 (full 0):
 garbage-first heap   total 248832K, used 196141K [0x0000000080000000, 0x0000000100000000)
  region size 1024K, 57 young (58368K), 3 survivors (3072K)
 Metaspace       used 110498K, capacity 113217K, committed 113488K, reserved 1148928K
  class space    used 13876K, capacity 14890K, committed 14976K, reserved 1048576K
}
Event: 35.039 GC heap after
{Heap after GC invocations=54 (full 0):
 garbage-first heap   total 248832K, used 142827K [0x0000000080000000, 0x0000000100000000)
  region size 1024K, 8 young (8192K), 8 survivors (8192K)
 Metaspace       used 110498K, capacity 113217K, committed 113488K, reserved 1148928K
  class space    used 13876K, capacity 14890K, committed 14976K, reserved 1048576K
}
Event: 35.105 GC heap before
{Heap before GC invocations=54 (full 0):
 garbage-first heap   total 248832K, used 146923K [0x0000000080000000, 0x0000000100000000)
  region size 1024K, 12 young (12288K), 8 survivors (8192K)
 Metaspace       used 110772K, capacity 113441K, committed 113744K, reserved 1148928K
  class space    used 13909K, capacity 14922K, committed 14976K, reserved 1048576K
}
Event: 35.125 GC heap after
{Heap after GC invocations=55 (full 0):
 garbage-first heap   total 248832K, used 139897K [0x0000000080000000, 0x0000000100000000)
  region size 1024K, 2 young (2048K), 2 survivors (2048K)
 Metaspace       used 110772K, capacity 113441K, committed 113744K, reserved 1148928K
  class space    used 13909K, capacity 14922K, committed 14976K, reserved 1048576K
}
Event: 35.748 GC heap before
{Heap before GC invocations=55 (full 0):
 garbage-first heap   total 248832K, used 194169K [0x0000000080000000, 0x0000000100000000)
  region size 1024K, 55 young (56320K), 2 survivors (2048K)
 Metaspace       used 114277K, capacity 117523K, committed 117840K, reserved 1150976K
  class space    used 14474K, capacity 15646K, committed 15744K, reserved 1048576K
}
Event: 35.768 GC heap after
{Heap after GC invocations=56 (full 0):
 garbage-first heap   total 248832K, used 149836K [0x0000000080000000, 0x0000000100000000)
  region size 1024K, 7 young (7168K), 7 survivors (7168K)
 Metaspace       used 114277K, capacity 117523K, committed 117840K, reserved 1150976K
  class space    used 14474K, capacity 15646K, committed 15744K, reserved 1048576K
}
Event: 36.290 GC heap before
{Heap before GC invocations=57 (full 0):
 garbage-first heap   total 248832K, used 197964K [0x0000000080000000, 0x0000000100000000)
  region size 1024K, 55 young (56320K), 7 survivors (7168K)
 Metaspace       used 117288K, capacity 121042K, committed 121296K, reserved 1155072K
  class space    used 15105K, capacity 16606K, committed 16640K, reserved 1048576K
}
Event: 36.308 GC heap after
{Heap after GC invocations=58 (full 0):
 garbage-first heap   total 248832K, used 157661K [0x0000000080000000, 0x0000000100000000)
  region size 1024K, 7 young (7168K), 7 survivors (7168K)
 Metaspace       used 117288K, capacity 121042K, committed 121296K, reserved 1155072K
  class space    used 15105K, capacity 16606K, committed 16640K, reserved 1048576K
}
Event: 36.349 GC heap before
{Heap before GC invocations=58 (full 0):
 garbage-first heap   total 248832K, used 161757K [0x0000000080000000, 0x0000000100000000)
  region size 1024K, 12 young (12288K), 7 survivors (7168K)
 Metaspace       used 117675K, capacity 121424K, committed 121680K, reserved 1155072K
  class space    used 15181K, capacity 16698K, committed 16768K, reserved 1048576K
}
Event: 36.361 GC heap after
{Heap after GC invocations=59 (full 0):
 garbage-first heap   total 248832K, used 147077K [0x0000000080000000, 0x0000000100000000)
  region size 1024K, 2 young (2048K), 2 survivors (2048K)
 Metaspace       used 117675K, capacity 121424K, committed 121680K, reserved 1155072K
  class space    used 15181K, capacity 16698K, committed 16768K, reserved 1048576K
}
Event: 36.742 GC heap before
{Heap before GC invocations=59 (full 0):
 garbage-first heap   total 248832K, used 196229K [0x0000000080000000, 0x0000000100000000)
  region size 1024K, 51 young (52224K), 2 survivors (2048K)
 Metaspace       used 120409K, capacity 124442K, committed 124624K, reserved 1157120K
  class space    used 15676K, capacity 17320K, committed 17408K, reserved 1048576K
}
Event: 36.752 GC heap after
{Heap after GC invocations=60 (full 0):
 garbage-first heap   total 248832K, used 149210K [0x0000000080000000, 0x0000000100000000)
  region size 1024K, 4 young (4096K), 4 survivors (4096K)
 Metaspace       used 120409K, capacity 124442K, committed 124624K, reserved 1157120K
  class space    used 15676K, capacity 17320K, committed 17408K, reserved 1048576K
}
Event: 36.996 GC heap before
{Heap before GC invocations=60 (full 0):
 garbage-first heap   total 248832K, used 199386K [0x0000000080000000, 0x0000000100000000)
  region size 1024K, 53 young (54272K), 4 survivors (4096K)
 Metaspace       used 121296K, capacity 125483K, committed 125776K, reserved 1157120K
  class space    used 15789K, capacity 17455K, committed 17536K, reserved 1048576K
}
Event: 37.002 GC heap after
{Heap after GC invocations=61 (full 0):
 garbage-first heap   total 248832K, used 149061K [0x0000000080000000, 0x0000000100000000)
  region size 1024K, 3 young (3072K), 3 survivors (3072K)
 Metaspace       used 121296K, capacity 125483K, committed 125776K, reserved 1157120K
  class space    used 15789K, capacity 17455K, committed 17536K, reserved 1048576K
}
Event: 37.386 GC heap before
{Heap before GC invocations=61 (full 0):
 garbage-first heap   total 248832K, used 200261K [0x0000000080000000, 0x0000000100000000)
  region size 1024K, 54 young (55296K), 3 survivors (3072K)
 Metaspace       used 123157K, capacity 127726K, committed 127824K, reserved 1159168K
  class space    used 16095K, capacity 17956K, committed 18048K, reserved 1048576K
}
Event: 37.394 GC heap after
{Heap after GC invocations=62 (full 0):
 garbage-first heap   total 248832K, used 151839K [0x0000000080000000, 0x0000000100000000)
  region size 1024K, 6 young (6144K), 6 survivors (6144K)
 Metaspace       used 123157K, capacity 127726K, committed 127824K, reserved 1159168K
  class space    used 16095K, capacity 17956K, committed 18048K, reserved 1048576K
}
Event: 38.338 GC heap before
{Heap before GC invocations=62 (full 0):
 garbage-first heap   total 248832K, used 203039K [0x0000000080000000, 0x0000000100000000)
  region size 1024K, 56 young (57344K), 6 survivors (6144K)
 Metaspace       used 125118K, capacity 129682K, committed 129872K, reserved 1161216K
  class space    used 16362K, capacity 18218K, committed 18304K, reserved 1048576K
}

