# JRE version: OpenJDK Runtime Environment (11.0.13) (build 11.0.13+0-b1751.21-8125866)
# Java VM: OpenJDK 64-Bit Server VM (11.0.13+0-b1751.21-8125866, mixed mode, tiered, compressed oops, g1 gc, windows-amd64)
Heap:
 garbage-first heap   total 727040K, used 217088K [0x0000000080000000, 0x0000000100000000)
  region size 1024K, 6 young (6144K), 6 survivors (6144K)
 Metaspace       used 106390K, capacity 109268K, committed 110588K, reserved 1144832K
  class space    used 13762K, capacity 14882K, committed 15436K, reserved 1048576K
GC Heap History (20 events):
Event: 37.844 GC heap after
{Heap after GC invocations=39 (full 0):
 garbage-first heap   total 206848K, used 134597K [0x0000000080000000, 0x0000000100000000)
  region size 1024K, 6 young (6144K), 6 survivors (6144K)
 Metaspace       used 98259K, capacity 100891K, committed 100988K, reserved 1136640K
  class space    used 12693K, capacity 13683K, committed 13772K, reserved 1048576K
}
Event: 38.547 GC heap before
{Heap before GC invocations=40 (full 0):
 garbage-first heap   total 206848K, used 167365K [0x0000000080000000, 0x0000000100000000)
  region size 1024K, 38 young (38912K), 6 survivors (6144K)
 Metaspace       used 99305K, capacity 102018K, committed 102140K, reserved 1138688K
  class space    used 12845K, capacity 13863K, committed 13900K, reserved 1048576K
}
Event: 38.575 GC heap after
{Heap after GC invocations=41 (full 0):
 garbage-first heap   total 206848K, used 141202K [0x0000000080000000, 0x0000000100000000)
  region size 1024K, 5 young (5120K), 5 survivors (5120K)
 Metaspace       used 99305K, capacity 102018K, committed 102140K, reserved 1138688K
  class space    used 12845K, capacity 13863K, committed 13900K, reserved 1048576K
}
Event: 38.765 GC heap before
{Heap before GC invocations=41 (full 0):
 garbage-first heap   total 206848K, used 168850K [0x0000000080000000, 0x0000000100000000)
  region size 1024K, 33 young (33792K), 5 survivors (5120K)
 Metaspace       used 99548K, capacity 102245K, committed 102524K, reserved 1138688K
  class space    used 12869K, capacity 13895K, committed 14028K, reserved 1048576K
}
Event: 38.802 GC heap after
{Heap after GC invocations=42 (full 0):
 garbage-first heap   total 260096K, used 147628K [0x0000000080000000, 0x0000000100000000)
  region size 1024K, 5 young (5120K), 5 survivors (5120K)
 Metaspace       used 99548K, capacity 102245K, committed 102524K, reserved 1138688K
  class space    used 12869K, capacity 13895K, committed 14028K, reserved 1048576K
}
Event: 39.247 GC heap before
{Heap before GC invocations=42 (full 0):
 garbage-first heap   total 260096K, used 189612K [0x0000000080000000, 0x0000000100000000)
  region size 1024K, 47 young (48128K), 5 survivors (5120K)
 Metaspace       used 99379K, capacity 101797K, committed 102780K, reserved 1138688K
  class space    used 12758K, capacity 13660K, committed 14028K, reserved 1048576K
}
Event: 39.276 GC heap after
{Heap after GC invocations=43 (full 0):
 garbage-first heap   total 260096K, used 155797K [0x0000000080000000, 0x0000000100000000)
  region size 1024K, 6 young (6144K), 6 survivors (6144K)
 Metaspace       used 99379K, capacity 101797K, committed 102780K, reserved 1138688K
  class space    used 12758K, capacity 13660K, committed 14028K, reserved 1048576K
}
Event: 39.559 GC heap before
{Heap before GC invocations=44 (full 0):
 garbage-first heap   total 260096K, used 196757K [0x0000000080000000, 0x0000000100000000)
  region size 1024K, 47 young (48128K), 6 survivors (6144K)
 Metaspace       used 100450K, capacity 103018K, committed 103548K, reserved 1138688K
  class space    used 12923K, capacity 13926K, committed 14028K, reserved 1048576K
}
Event: 39.586 GC heap after
{Heap after GC invocations=45 (full 0):
 garbage-first heap   total 260096K, used 163650K [0x0000000080000000, 0x0000000100000000)
  region size 1024K, 6 young (6144K), 6 survivors (6144K)
 Metaspace       used 100450K, capacity 103018K, committed 103548K, reserved 1138688K
  class space    used 12923K, capacity 13926K, committed 14028K, reserved 1048576K
}
Event: 39.848 GC heap before
{Heap before GC invocations=45 (full 0):
 garbage-first heap   total 260096K, used 203586K [0x0000000080000000, 0x0000000100000000)
  region size 1024K, 46 young (47104K), 6 survivors (6144K)
 Metaspace       used 101456K, capacity 104344K, committed 104444K, reserved 1138688K
  class space    used 13196K, capacity 14381K, committed 14412K, reserved 1048576K
}
Event: 39.879 GC heap after
{Heap after GC invocations=46 (full 0):
 garbage-first heap   total 260096K, used 171711K [0x0000000080000000, 0x0000000100000000)
  region size 1024K, 6 young (6144K), 6 survivors (6144K)
 Metaspace       used 101456K, capacity 104344K, committed 104444K, reserved 1138688K
  class space    used 13196K, capacity 14381K, committed 14412K, reserved 1048576K
}
Event: 39.996 GC heap before
{Heap before GC invocations=46 (full 0):
 garbage-first heap   total 260096K, used 209599K [0x0000000080000000, 0x0000000100000000)
  region size 1024K, 43 young (44032K), 6 survivors (6144K)
 Metaspace       used 101617K, capacity 104538K, committed 104828K, reserved 1140736K
  class space    used 13227K, capacity 14443K, committed 14540K, reserved 1048576K
}
Event: 40.059 GC heap after
{Heap after GC invocations=47 (full 0):
 garbage-first heap   total 400384K, used 178176K [0x0000000080000000, 0x0000000100000000)
  region size 1024K, 6 young (6144K), 6 survivors (6144K)
 Metaspace       used 101617K, capacity 104538K, committed 104828K, reserved 1140736K
  class space    used 13227K, capacity 14443K, committed 14540K, reserved 1048576K
}
Event: 40.716 GC heap before
{Heap before GC invocations=48 (full 0):
 garbage-first heap   total 400384K, used 254976K [0x0000000080000000, 0x0000000100000000)
  region size 1024K, 81 young (82944K), 6 survivors (6144K)
 Metaspace       used 102439K, capacity 105318K, committed 105724K, reserved 1140736K
  class space    used 13360K, capacity 14552K, committed 14668K, reserved 1048576K
}
Event: 40.752 GC heap after
{Heap after GC invocations=49 (full 0):
 garbage-first heap   total 400384K, used 191396K [0x0000000080000000, 0x0000000100000000)
  region size 1024K, 11 young (11264K), 11 survivors (11264K)
 Metaspace       used 102439K, capacity 105318K, committed 105724K, reserved 1140736K
  class space    used 13360K, capacity 14552K, committed 14668K, reserved 1048576K
}
Event: 41.773 GC heap before
{Heap before GC invocations=49 (full 0):
 garbage-first heap   total 400384K, used 273316K [0x0000000080000000, 0x0000000100000000)
  region size 1024K, 92 young (94208K), 11 survivors (11264K)
 Metaspace       used 105769K, capacity 109018K, committed 109308K, reserved 1142784K
  class space    used 14000K, capacity 15343K, committed 15436K, reserved 1048576K
}
Event: 41.840 GC heap after
{Heap after GC invocations=50 (full 0):
 garbage-first heap   total 400384K, used 204313K [0x0000000080000000, 0x0000000100000000)
  region size 1024K, 12 young (12288K), 12 survivors (12288K)
 Metaspace       used 105769K, capacity 109018K, committed 109308K, reserved 1142784K
  class space    used 14000K, capacity 15343K, committed 15436K, reserved 1048576K
}
Event: 42.981 GC heap before
{Heap before GC invocations=51 (full 0):
 garbage-first heap   total 400384K, used 287257K [0x0000000080000000, 0x0000000100000000)
  region size 1024K, 94 young (96256K), 12 survivors (12288K)
 Metaspace       used 105413K, capacity 108278K, committed 109564K, reserved 1142784K
  class space    used 13751K, capacity 14880K, committed 15436K, reserved 1048576K
}
Event: 43.009 GC heap after
{Heap after GC invocations=52 (full 0):
 garbage-first heap   total 400384K, used 211761K [0x0000000080000000, 0x0000000100000000)
  region size 1024K, 8 young (8192K), 8 survivors (8192K)
 Metaspace       used 105413K, capacity 108278K, committed 109564K, reserved 1142784K
  class space    used 13751K, capacity 14880K, committed 15436K, reserved 1048576K
}
Event: 43.681 GC heap before
{Heap before GC invocations=52 (full 0):
 garbage-first heap   total 400384K, used 296753K [0x0000000080000000, 0x0000000100000000)
  region size 1024K, 92 young (94208K), 8 survivors (8192K)
 Metaspace       used 106390K, capacity 109268K, committed 110588K, reserved 1144832K
  class space    used 13762K, capacity 14882K, committed 15436K, reserved 1048576K
}

