# JRE version: OpenJDK Runtime Environment (11.0.13) (build 11.0.13+0-b1751.21-8125866)
# Java VM: OpenJDK 64-Bit Server VM (11.0.13+0-b1751.21-8125866, mixed mode, tiered, compressed oops, g1 gc, windows-amd64)
Heap:
 garbage-first heap   total 370688K, used 237955K [0x0000000080000000, 0x0000000100000000)
  region size 1024K, 3 young (3072K), 3 survivors (3072K)
 Metaspace       used 129664K, capacity 133682K, committed 133888K, reserved 1165312K
  class space    used 16243K, capacity 17611K, committed 17664K, reserved 1048576K
GC Heap History (20 events):
Event: 151.616 GC heap after
{Heap after GC invocations=111 (full 0):
 garbage-first heap   total 250880K, used 207264K [0x0000000080000000, 0x0000000100000000)
  region size 1024K, 1 young (1024K), 1 survivors (1024K)
 Metaspace       used 128948K, capacity 132888K, committed 133120K, reserved 1165312K
  class space    used 16201K, capacity 17559K, committed 17664K, reserved 1048576K
}
Event: 152.010 GC heap before
{Heap before GC invocations=111 (full 0):
 garbage-first heap   total 250880K, used 218528K [0x0000000080000000, 0x0000000100000000)
  region size 1024K, 12 young (12288K), 1 survivors (1024K)
 Metaspace       used 129004K, capacity 133016K, committed 133376K, reserved 1165312K
  class space    used 16201K, capacity 17559K, committed 17664K, reserved 1048576K
}
Event: 152.021 GC heap after
{Heap after GC invocations=112 (full 0):
 garbage-first heap   total 250880K, used 206485K [0x0000000080000000, 0x0000000100000000)
  region size 1024K, 2 young (2048K), 2 survivors (2048K)
 Metaspace       used 129004K, capacity 133016K, committed 133376K, reserved 1165312K
  class space    used 16201K, capacity 17559K, committed 17664K, reserved 1048576K
}
Event: 152.342 GC heap before
{Heap before GC invocations=112 (full 0):
 garbage-first heap   total 250880K, used 216725K [0x0000000080000000, 0x0000000100000000)
  region size 1024K, 12 young (12288K), 2 survivors (2048K)
 Metaspace       used 129068K, capacity 133080K, committed 133376K, reserved 1165312K
  class space    used 16201K, capacity 17559K, committed 17664K, reserved 1048576K
}
Event: 152.355 GC heap after
{Heap after GC invocations=113 (full 0):
 garbage-first heap   total 250880K, used 207674K [0x0000000080000000, 0x0000000100000000)
  region size 1024K, 2 young (2048K), 2 survivors (2048K)
 Metaspace       used 129068K, capacity 133080K, committed 133376K, reserved 1165312K
  class space    used 16201K, capacity 17559K, committed 17664K, reserved 1048576K
}
Event: 152.585 GC heap before
{Heap before GC invocations=113 (full 0):
 garbage-first heap   total 250880K, used 216890K [0x0000000080000000, 0x0000000100000000)
  region size 1024K, 12 young (12288K), 2 survivors (2048K)
 Metaspace       used 129081K, capacity 133080K, committed 133376K, reserved 1165312K
  class space    used 16201K, capacity 17559K, committed 17664K, reserved 1048576K
}
Event: 152.591 GC heap after
{Heap after GC invocations=114 (full 0):
 garbage-first heap   total 250880K, used 210112K [0x0000000080000000, 0x0000000100000000)
  region size 1024K, 2 young (2048K), 2 survivors (2048K)
 Metaspace       used 129081K, capacity 133080K, committed 133376K, reserved 1165312K
  class space    used 16201K, capacity 17559K, committed 17664K, reserved 1048576K
}
Event: 152.893 GC heap before
{Heap before GC invocations=115 (full 0):
 garbage-first heap   total 250880K, used 220352K [0x0000000080000000, 0x0000000100000000)
  region size 1024K, 12 young (12288K), 2 survivors (2048K)
 Metaspace       used 129116K, capacity 133144K, committed 133376K, reserved 1165312K
  class space    used 16201K, capacity 17559K, committed 17664K, reserved 1048576K
}
Event: 152.901 GC heap after
{Heap after GC invocations=116 (full 0):
 garbage-first heap   total 250880K, used 213306K [0x0000000080000000, 0x0000000100000000)
  region size 1024K, 2 young (2048K), 2 survivors (2048K)
 Metaspace       used 129116K, capacity 133144K, committed 133376K, reserved 1165312K
  class space    used 16201K, capacity 17559K, committed 17664K, reserved 1048576K
}
Event: 153.130 GC heap before
{Heap before GC invocations=116 (full 0):
 garbage-first heap   total 250880K, used 223546K [0x0000000080000000, 0x0000000100000000)
  region size 1024K, 12 young (12288K), 2 survivors (2048K)
 Metaspace       used 129116K, capacity 133144K, committed 133376K, reserved 1165312K
  class space    used 16201K, capacity 17559K, committed 17664K, reserved 1048576K
}
Event: 153.141 GC heap after
{Heap after GC invocations=117 (full 0):
 garbage-first heap   total 250880K, used 214954K [0x0000000080000000, 0x0000000100000000)
  region size 1024K, 2 young (2048K), 2 survivors (2048K)
 Metaspace       used 129116K, capacity 133144K, committed 133376K, reserved 1165312K
  class space    used 16201K, capacity 17559K, committed 17664K, reserved 1048576K
}
Event: 153.156 GC heap before
{Heap before GC invocations=117 (full 0):
 garbage-first heap   total 250880K, used 214954K [0x0000000080000000, 0x0000000100000000)
  region size 1024K, 4 young (4096K), 2 survivors (2048K)
 Metaspace       used 129116K, capacity 133144K, committed 133376K, reserved 1165312K
  class space    used 16201K, capacity 17559K, committed 17664K, reserved 1048576K
}
Event: 153.164 GC heap after
{Heap after GC invocations=118 (full 0):
 garbage-first heap   total 301056K, used 216483K [0x0000000080000000, 0x0000000100000000)
  region size 1024K, 2 young (2048K), 2 survivors (2048K)
 Metaspace       used 129116K, capacity 133144K, committed 133376K, reserved 1165312K
  class space    used 16201K, capacity 17559K, committed 17664K, reserved 1048576K
}
Event: 153.549 GC heap before
{Heap before GC invocations=118 (full 0):
 garbage-first heap   total 301056K, used 245155K [0x0000000080000000, 0x0000000100000000)
  region size 1024K, 21 young (21504K), 2 survivors (2048K)
 Metaspace       used 129156K, capacity 133144K, committed 133376K, reserved 1165312K
  class space    used 16201K, capacity 17559K, committed 17664K, reserved 1048576K
}
Event: 153.566 GC heap after
{Heap after GC invocations=119 (full 0):
 garbage-first heap   total 301056K, used 228057K [0x0000000080000000, 0x0000000100000000)
  region size 1024K, 3 young (3072K), 3 survivors (3072K)
 Metaspace       used 129156K, capacity 133144K, committed 133376K, reserved 1165312K
  class space    used 16201K, capacity 17559K, committed 17664K, reserved 1048576K
}
Event: 153.877 GC heap before
{Heap before GC invocations=120 (full 0):
 garbage-first heap   total 301056K, used 244441K [0x0000000080000000, 0x0000000100000000)
  region size 1024K, 19 young (19456K), 3 survivors (3072K)
 Metaspace       used 129243K, capacity 133209K, committed 133376K, reserved 1165312K
  class space    used 16208K, capacity 17559K, committed 17664K, reserved 1048576K
}
Event: 153.891 GC heap after
{Heap after GC invocations=121 (full 0):
 garbage-first heap   total 301056K, used 232972K [0x0000000080000000, 0x0000000100000000)
  region size 1024K, 3 young (3072K), 3 survivors (3072K)
 Metaspace       used 129243K, capacity 133209K, committed 133376K, reserved 1165312K
  class space    used 16208K, capacity 17559K, committed 17664K, reserved 1048576K
}
Event: 154.514 GC heap before
{Heap before GC invocations=121 (full 0):
 garbage-first heap   total 301056K, used 246284K [0x0000000080000000, 0x0000000100000000)
  region size 1024K, 18 young (18432K), 3 survivors (3072K)
 Metaspace       used 129616K, capacity 133682K, committed 133888K, reserved 1165312K
  class space    used 16241K, capacity 17611K, committed 17664K, reserved 1048576K
}
Event: 154.528 GC heap after
{Heap after GC invocations=122 (full 0):
 garbage-first heap   total 301056K, used 236082K [0x0000000080000000, 0x0000000100000000)
  region size 1024K, 3 young (3072K), 3 survivors (3072K)
 Metaspace       used 129616K, capacity 133682K, committed 133888K, reserved 1165312K
  class space    used 16241K, capacity 17611K, committed 17664K, reserved 1048576K
}
Event: 155.084 GC heap before
{Heap before GC invocations=123 (full 0):
 garbage-first heap   total 301056K, used 259634K [0x0000000080000000, 0x0000000100000000)
  region size 1024K, 18 young (18432K), 3 survivors (3072K)
 Metaspace       used 129664K, capacity 133682K, committed 133888K, reserved 1165312K
  class space    used 16243K, capacity 17611K, committed 17664K, reserved 1048576K
}

